[2024-01-31 05:08:14] local.ERROR: The "-m" option does not exist. {"exception":"[object] (Symfony\\Component\\Console\\Exception\\RuntimeException(code: 0): The \"-m\" option does not exist. at /home/kurt/Projects/Laravel/ecommerce/vendor/symfony/console/Input/ArgvInput.php:205)
[stacktrace]
#0 /home/kurt/Projects/Laravel/ecommerce/vendor/symfony/console/Input/ArgvInput.php(107): Symfony\\Component\\Console\\Input\\ArgvInput->addShortOption()
#1 /home/kurt/Projects/Laravel/ecommerce/vendor/symfony/console/Input/ArgvInput.php(84): Symfony\\Component\\Console\\Input\\ArgvInput->parseShortOption()
#2 /home/kurt/Projects/Laravel/ecommerce/vendor/symfony/console/Input/ArgvInput.php(71): Symfony\\Component\\Console\\Input\\ArgvInput->parseToken()
#3 /home/kurt/Projects/Laravel/ecommerce/vendor/symfony/console/Input/Input.php(55): Symfony\\Component\\Console\\Input\\ArgvInput->parse()
#4 /home/kurt/Projects/Laravel/ecommerce/vendor/symfony/console/Command/Command.php(250): Symfony\\Component\\Console\\Input\\Input->bind()
#5 /home/kurt/Projects/Laravel/ecommerce/vendor/laravel/framework/src/Illuminate/Console/Command.php(153): Symfony\\Component\\Console\\Command\\Command->run()
#6 /home/kurt/Projects/Laravel/ecommerce/vendor/symfony/console/Application.php(1014): Illuminate\\Console\\Command->run()
#7 /home/kurt/Projects/Laravel/ecommerce/vendor/symfony/console/Application.php(301): Symfony\\Component\\Console\\Application->doRunCommand()
#8 /home/kurt/Projects/Laravel/ecommerce/vendor/symfony/console/Application.php(171): Symfony\\Component\\Console\\Application->doRun()
#9 /home/kurt/Projects/Laravel/ecommerce/vendor/laravel/framework/src/Illuminate/Console/Application.php(102): Symfony\\Component\\Console\\Application->run()
#10 /home/kurt/Projects/Laravel/ecommerce/vendor/laravel/framework/src/Illuminate/Foundation/Console/Kernel.php(155): Illuminate\\Console\\Application->run()
#11 /home/kurt/Projects/Laravel/ecommerce/artisan(37): Illuminate\\Foundation\\Console\\Kernel->handle()
#12 {main}
"} 
[2024-01-31 05:14:27] local.ERROR: SQLSTATE[HY000] [1045] Access denied for user 'root'@'localhost' (using password: YES) (SQL: select * from information_schema.tables where table_schema = ecommerce and table_name = migrations and table_type = 'BASE TABLE') {"exception":"[object] (Illuminate\\Database\\QueryException(code: 1045): SQLSTATE[HY000] [1045] Access denied for user 'root'@'localhost' (using password: YES) (SQL: select * from information_schema.tables where table_schema = ecommerce and table_name = migrations and table_type = 'BASE TABLE') at /home/kurt/Projects/Laravel/ecommerce/vendor/laravel/framework/src/Illuminate/Database/Connection.php:760)
[stacktrace]
#0 /home/kurt/Projects/Laravel/ecommerce/vendor/laravel/framework/src/Illuminate/Database/Connection.php(720): Illuminate\\Database\\Connection->runQueryCallback()
#1 /home/kurt/Projects/Laravel/ecommerce/vendor/laravel/framework/src/Illuminate/Database/Connection.php(422): Illuminate\\Database\\Connection->run()
#2 /home/kurt/Projects/Laravel/ecommerce/vendor/laravel/framework/src/Illuminate/Database/Connection.php(392): Illuminate\\Database\\Connection->select()
#3 /home/kurt/Projects/Laravel/ecommerce/vendor/laravel/framework/src/Illuminate/Database/Schema/MySqlBuilder.php(44): Illuminate\\Database\\Connection->selectFromWriteConnection()
#4 /home/kurt/Projects/Laravel/ecommerce/vendor/laravel/framework/src/Illuminate/Database/Migrations/DatabaseMigrationRepository.php(169): Illuminate\\Database\\Schema\\MySqlBuilder->hasTable()
#5 /home/kurt/Projects/Laravel/ecommerce/vendor/laravel/framework/src/Illuminate/Database/Migrations/Migrator.php(695): Illuminate\\Database\\Migrations\\DatabaseMigrationRepository->repositoryExists()
#6 /home/kurt/Projects/Laravel/ecommerce/vendor/laravel/framework/src/Illuminate/Database/Console/Migrations/MigrateCommand.php(138): Illuminate\\Database\\Migrations\\Migrator->repositoryExists()
#7 /home/kurt/Projects/Laravel/ecommerce/vendor/laravel/framework/src/Illuminate/Support/helpers.php(247): Illuminate\\Database\\Console\\Migrations\\MigrateCommand->Illuminate\\Database\\Console\\Migrations\\{closure}()
#8 /home/kurt/Projects/Laravel/ecommerce/vendor/laravel/framework/src/Illuminate/Database/Console/Migrations/MigrateCommand.php(157): retry()
#9 /home/kurt/Projects/Laravel/ecommerce/vendor/laravel/framework/src/Illuminate/Database/Console/Migrations/MigrateCommand.php(114): Illuminate\\Database\\Console\\Migrations\\MigrateCommand->repositoryExists()
#10 /home/kurt/Projects/Laravel/ecommerce/vendor/laravel/framework/src/Illuminate/Database/Console/Migrations/MigrateCommand.php(82): Illuminate\\Database\\Console\\Migrations\\MigrateCommand->prepareDatabase()
#11 /home/kurt/Projects/Laravel/ecommerce/vendor/laravel/framework/src/Illuminate/Database/Migrations/Migrator.php(628): Illuminate\\Database\\Console\\Migrations\\MigrateCommand->Illuminate\\Database\\Console\\Migrations\\{closure}()
#12 /home/kurt/Projects/Laravel/ecommerce/vendor/laravel/framework/src/Illuminate/Database/Console/Migrations/MigrateCommand.php(102): Illuminate\\Database\\Migrations\\Migrator->usingConnection()
#13 /home/kurt/Projects/Laravel/ecommerce/vendor/laravel/framework/src/Illuminate/Container/BoundMethod.php(36): Illuminate\\Database\\Console\\Migrations\\MigrateCommand->handle()
#14 /home/kurt/Projects/Laravel/ecommerce/vendor/laravel/framework/src/Illuminate/Container/Util.php(41): Illuminate\\Container\\BoundMethod::Illuminate\\Container\\{closure}()
#15 /home/kurt/Projects/Laravel/ecommerce/vendor/laravel/framework/src/Illuminate/Container/BoundMethod.php(93): Illuminate\\Container\\Util::unwrapIfClosure()
#16 /home/kurt/Projects/Laravel/ecommerce/vendor/laravel/framework/src/Illuminate/Container/BoundMethod.php(37): Illuminate\\Container\\BoundMethod::callBoundMethod()
#17 /home/kurt/Projects/Laravel/ecommerce/vendor/laravel/framework/src/Illuminate/Container/Container.php(661): Illuminate\\Container\\BoundMethod::call()
#18 /home/kurt/Projects/Laravel/ecommerce/vendor/laravel/framework/src/Illuminate/Console/Command.php(183): Illuminate\\Container\\Container->call()
#19 /home/kurt/Projects/Laravel/ecommerce/vendor/symfony/console/Command/Command.php(291): Illuminate\\Console\\Command->execute()
#20 /home/kurt/Projects/Laravel/ecommerce/vendor/laravel/framework/src/Illuminate/Console/Command.php(153): Symfony\\Component\\Console\\Command\\Command->run()
#21 /home/kurt/Projects/Laravel/ecommerce/vendor/symfony/console/Application.php(1014): Illuminate\\Console\\Command->run()
#22 /home/kurt/Projects/Laravel/ecommerce/vendor/symfony/console/Application.php(301): Symfony\\Component\\Console\\Application->doRunCommand()
#23 /home/kurt/Projects/Laravel/ecommerce/vendor/symfony/console/Application.php(171): Symfony\\Component\\Console\\Application->doRun()
#24 /home/kurt/Projects/Laravel/ecommerce/vendor/laravel/framework/src/Illuminate/Console/Application.php(102): Symfony\\Component\\Console\\Application->run()
#25 /home/kurt/Projects/Laravel/ecommerce/vendor/laravel/framework/src/Illuminate/Foundation/Console/Kernel.php(155): Illuminate\\Console\\Application->run()
#26 /home/kurt/Projects/Laravel/ecommerce/artisan(37): Illuminate\\Foundation\\Console\\Kernel->handle()
#27 {main}

[previous exception] [object] (PDOException(code: 1045): SQLSTATE[HY000] [1045] Access denied for user 'root'@'localhost' (using password: YES) at /home/kurt/Projects/Laravel/ecommerce/vendor/laravel/framework/src/Illuminate/Database/Connectors/Connector.php:70)
[stacktrace]
#0 /home/kurt/Projects/Laravel/ecommerce/vendor/laravel/framework/src/Illuminate/Database/Connectors/Connector.php(70): PDO->__construct()
#1 /home/kurt/Projects/Laravel/ecommerce/vendor/laravel/framework/src/Illuminate/Database/Connectors/Connector.php(46): Illuminate\\Database\\Connectors\\Connector->createPdoConnection()
#2 /home/kurt/Projects/Laravel/ecommerce/vendor/laravel/framework/src/Illuminate/Database/Connectors/MySqlConnector.php(24): Illuminate\\Database\\Connectors\\Connector->createConnection()
#3 /home/kurt/Projects/Laravel/ecommerce/vendor/laravel/framework/src/Illuminate/Database/Connectors/ConnectionFactory.php(184): Illuminate\\Database\\Connectors\\MySqlConnector->connect()
#4 [internal function]: Illuminate\\Database\\Connectors\\ConnectionFactory->Illuminate\\Database\\Connectors\\{closure}()
#5 /home/kurt/Projects/Laravel/ecommerce/vendor/laravel/framework/src/Illuminate/Database/Connection.php(1181): call_user_func()
#6 /home/kurt/Projects/Laravel/ecommerce/vendor/laravel/framework/src/Illuminate/Database/Connection.php(486): Illuminate\\Database\\Connection->getPdo()
#7 /home/kurt/Projects/Laravel/ecommerce/vendor/laravel/framework/src/Illuminate/Database/Connection.php(414): Illuminate\\Database\\Connection->getPdoForSelect()
#8 /home/kurt/Projects/Laravel/ecommerce/vendor/laravel/framework/src/Illuminate/Database/Connection.php(753): Illuminate\\Database\\Connection->Illuminate\\Database\\{closure}()
#9 /home/kurt/Projects/Laravel/ecommerce/vendor/laravel/framework/src/Illuminate/Database/Connection.php(720): Illuminate\\Database\\Connection->runQueryCallback()
#10 /home/kurt/Projects/Laravel/ecommerce/vendor/laravel/framework/src/Illuminate/Database/Connection.php(422): Illuminate\\Database\\Connection->run()
#11 /home/kurt/Projects/Laravel/ecommerce/vendor/laravel/framework/src/Illuminate/Database/Connection.php(392): Illuminate\\Database\\Connection->select()
#12 /home/kurt/Projects/Laravel/ecommerce/vendor/laravel/framework/src/Illuminate/Database/Schema/MySqlBuilder.php(44): Illuminate\\Database\\Connection->selectFromWriteConnection()
#13 /home/kurt/Projects/Laravel/ecommerce/vendor/laravel/framework/src/Illuminate/Database/Migrations/DatabaseMigrationRepository.php(169): Illuminate\\Database\\Schema\\MySqlBuilder->hasTable()
#14 /home/kurt/Projects/Laravel/ecommerce/vendor/laravel/framework/src/Illuminate/Database/Migrations/Migrator.php(695): Illuminate\\Database\\Migrations\\DatabaseMigrationRepository->repositoryExists()
#15 /home/kurt/Projects/Laravel/ecommerce/vendor/laravel/framework/src/Illuminate/Database/Console/Migrations/MigrateCommand.php(138): Illuminate\\Database\\Migrations\\Migrator->repositoryExists()
#16 /home/kurt/Projects/Laravel/ecommerce/vendor/laravel/framework/src/Illuminate/Support/helpers.php(247): Illuminate\\Database\\Console\\Migrations\\MigrateCommand->Illuminate\\Database\\Console\\Migrations\\{closure}()
#17 /home/kurt/Projects/Laravel/ecommerce/vendor/laravel/framework/src/Illuminate/Database/Console/Migrations/MigrateCommand.php(157): retry()
#18 /home/kurt/Projects/Laravel/ecommerce/vendor/laravel/framework/src/Illuminate/Database/Console/Migrations/MigrateCommand.php(114): Illuminate\\Database\\Console\\Migrations\\MigrateCommand->repositoryExists()
#19 /home/kurt/Projects/Laravel/ecommerce/vendor/laravel/framework/src/Illuminate/Database/Console/Migrations/MigrateCommand.php(82): Illuminate\\Database\\Console\\Migrations\\MigrateCommand->prepareDatabase()
#20 /home/kurt/Projects/Laravel/ecommerce/vendor/laravel/framework/src/Illuminate/Database/Migrations/Migrator.php(628): Illuminate\\Database\\Console\\Migrations\\MigrateCommand->Illuminate\\Database\\Console\\Migrations\\{closure}()
#21 /home/kurt/Projects/Laravel/ecommerce/vendor/laravel/framework/src/Illuminate/Database/Console/Migrations/MigrateCommand.php(102): Illuminate\\Database\\Migrations\\Migrator->usingConnection()
#22 /home/kurt/Projects/Laravel/ecommerce/vendor/laravel/framework/src/Illuminate/Container/BoundMethod.php(36): Illuminate\\Database\\Console\\Migrations\\MigrateCommand->handle()
#23 /home/kurt/Projects/Laravel/ecommerce/vendor/laravel/framework/src/Illuminate/Container/Util.php(41): Illuminate\\Container\\BoundMethod::Illuminate\\Container\\{closure}()
#24 /home/kurt/Projects/Laravel/ecommerce/vendor/laravel/framework/src/Illuminate/Container/BoundMethod.php(93): Illuminate\\Container\\Util::unwrapIfClosure()
#25 /home/kurt/Projects/Laravel/ecommerce/vendor/laravel/framework/src/Illuminate/Container/BoundMethod.php(37): Illuminate\\Container\\BoundMethod::callBoundMethod()
#26 /home/kurt/Projects/Laravel/ecommerce/vendor/laravel/framework/src/Illuminate/Container/Container.php(661): Illuminate\\Container\\BoundMethod::call()
#27 /home/kurt/Projects/Laravel/ecommerce/vendor/laravel/framework/src/Illuminate/Console/Command.php(183): Illuminate\\Container\\Container->call()
#28 /home/kurt/Projects/Laravel/ecommerce/vendor/symfony/console/Command/Command.php(291): Illuminate\\Console\\Command->execute()
#29 /home/kurt/Projects/Laravel/ecommerce/vendor/laravel/framework/src/Illuminate/Console/Command.php(153): Symfony\\Component\\Console\\Command\\Command->run()
#30 /home/kurt/Projects/Laravel/ecommerce/vendor/symfony/console/Application.php(1014): Illuminate\\Console\\Command->run()
#31 /home/kurt/Projects/Laravel/ecommerce/vendor/symfony/console/Application.php(301): Symfony\\Component\\Console\\Application->doRunCommand()
#32 /home/kurt/Projects/Laravel/ecommerce/vendor/symfony/console/Application.php(171): Symfony\\Component\\Console\\Application->doRun()
#33 /home/kurt/Projects/Laravel/ecommerce/vendor/laravel/framework/src/Illuminate/Console/Application.php(102): Symfony\\Component\\Console\\Application->run()
#34 /home/kurt/Projects/Laravel/ecommerce/vendor/laravel/framework/src/Illuminate/Foundation/Console/Kernel.php(155): Illuminate\\Console\\Application->run()
#35 /home/kurt/Projects/Laravel/ecommerce/artisan(37): Illuminate\\Foundation\\Console\\Kernel->handle()
#36 {main}
"} 
[2024-01-31 12:19:33] local.ERROR: Vite manifest not found at: /home/kurt/Projects/Laravel/ecommerce/public/build/manifest.json {"view":{"view":"/home/kurt/Projects/Laravel/ecommerce/resources/views/welcome.blade.php","data":[]},"exception":"[object] (Spatie\\LaravelIgnition\\Exceptions\\ViewException(code: 0): Vite manifest not found at: /home/kurt/Projects/Laravel/ecommerce/public/build/manifest.json at /home/kurt/Projects/Laravel/ecommerce/vendor/laravel/framework/src/Illuminate/Foundation/Vite.php:684)
[stacktrace]
#0 /home/kurt/Projects/Laravel/ecommerce/vendor/laravel/framework/src/Illuminate/Foundation/Vite.php(273): Illuminate\\Foundation\\Vite->manifest()
#1 /home/kurt/Projects/Laravel/ecommerce/resources/views/welcome.blade.php(4): Illuminate\\Foundation\\Vite->__invoke()
#2 /home/kurt/Projects/Laravel/ecommerce/vendor/laravel/framework/src/Illuminate/Filesystem/Filesystem.php(109): require('...')
#3 /home/kurt/Projects/Laravel/ecommerce/vendor/laravel/framework/src/Illuminate/Filesystem/Filesystem.php(110): Illuminate\\Filesystem\\Filesystem::Illuminate\\Filesystem\\{closure}()
#4 /home/kurt/Projects/Laravel/ecommerce/vendor/laravel/framework/src/Illuminate/View/Engines/PhpEngine.php(58): Illuminate\\Filesystem\\Filesystem->getRequire()
#5 /home/kurt/Projects/Laravel/ecommerce/vendor/laravel/framework/src/Illuminate/View/Engines/CompilerEngine.php(70): Illuminate\\View\\Engines\\PhpEngine->evaluatePath()
#6 /home/kurt/Projects/Laravel/ecommerce/vendor/laravel/framework/src/Illuminate/View/View.php(195): Illuminate\\View\\Engines\\CompilerEngine->get()
#7 /home/kurt/Projects/Laravel/ecommerce/vendor/laravel/framework/src/Illuminate/View/View.php(178): Illuminate\\View\\View->getContents()
#8 /home/kurt/Projects/Laravel/ecommerce/vendor/laravel/framework/src/Illuminate/View/View.php(147): Illuminate\\View\\View->renderContents()
#9 /home/kurt/Projects/Laravel/ecommerce/vendor/laravel/framework/src/Illuminate/Http/Response.php(69): Illuminate\\View\\View->render()
#10 /home/kurt/Projects/Laravel/ecommerce/vendor/laravel/framework/src/Illuminate/Http/Response.php(35): Illuminate\\Http\\Response->setContent()
#11 /home/kurt/Projects/Laravel/ecommerce/vendor/laravel/framework/src/Illuminate/Routing/Router.php(906): Illuminate\\Http\\Response->__construct()
#12 /home/kurt/Projects/Laravel/ecommerce/vendor/laravel/framework/src/Illuminate/Routing/Router.php(875): Illuminate\\Routing\\Router::toResponse()
#13 /home/kurt/Projects/Laravel/ecommerce/vendor/laravel/framework/src/Illuminate/Routing/Router.php(798): Illuminate\\Routing\\Router->prepareResponse()
#14 /home/kurt/Projects/Laravel/ecommerce/vendor/laravel/framework/src/Illuminate/Pipeline/Pipeline.php(141): Illuminate\\Routing\\Router->Illuminate\\Routing\\{closure}()
#15 /home/kurt/Projects/Laravel/ecommerce/vendor/laravel/framework/src/Illuminate/Routing/Middleware/SubstituteBindings.php(50): Illuminate\\Pipeline\\Pipeline->Illuminate\\Pipeline\\{closure}()
#16 /home/kurt/Projects/Laravel/ecommerce/vendor/laravel/framework/src/Illuminate/Pipeline/Pipeline.php(180): Illuminate\\Routing\\Middleware\\SubstituteBindings->handle()
#17 /home/kurt/Projects/Laravel/ecommerce/vendor/laravel/framework/src/Illuminate/Foundation/Http/Middleware/VerifyCsrfToken.php(78): Illuminate\\Pipeline\\Pipeline->Illuminate\\Pipeline\\{closure}()
#18 /home/kurt/Projects/Laravel/ecommerce/vendor/laravel/framework/src/Illuminate/Pipeline/Pipeline.php(180): Illuminate\\Foundation\\Http\\Middleware\\VerifyCsrfToken->handle()
#19 /home/kurt/Projects/Laravel/ecommerce/vendor/laravel/framework/src/Illuminate/View/Middleware/ShareErrorsFromSession.php(49): Illuminate\\Pipeline\\Pipeline->Illuminate\\Pipeline\\{closure}()
#20 /home/kurt/Projects/Laravel/ecommerce/vendor/laravel/framework/src/Illuminate/Pipeline/Pipeline.php(180): Illuminate\\View\\Middleware\\ShareErrorsFromSession->handle()
#21 /home/kurt/Projects/Laravel/ecommerce/vendor/laravel/framework/src/Illuminate/Session/Middleware/StartSession.php(121): Illuminate\\Pipeline\\Pipeline->Illuminate\\Pipeline\\{closure}()
#22 /home/kurt/Projects/Laravel/ecommerce/vendor/laravel/framework/src/Illuminate/Session/Middleware/StartSession.php(64): Illuminate\\Session\\Middleware\\StartSession->handleStatefulRequest()
#23 /home/kurt/Projects/Laravel/ecommerce/vendor/laravel/framework/src/Illuminate/Pipeline/Pipeline.php(180): Illuminate\\Session\\Middleware\\StartSession->handle()
#24 /home/kurt/Projects/Laravel/ecommerce/vendor/laravel/framework/src/Illuminate/Cookie/Middleware/AddQueuedCookiesToResponse.php(37): Illuminate\\Pipeline\\Pipeline->Illuminate\\Pipeline\\{closure}()
#25 /home/kurt/Projects/Laravel/ecommerce/vendor/laravel/framework/src/Illuminate/Pipeline/Pipeline.php(180): Illuminate\\Cookie\\Middleware\\AddQueuedCookiesToResponse->handle()
#26 /home/kurt/Projects/Laravel/ecommerce/vendor/laravel/framework/src/Illuminate/Cookie/Middleware/EncryptCookies.php(67): Illuminate\\Pipeline\\Pipeline->Illuminate\\Pipeline\\{closure}()
#27 /home/kurt/Projects/Laravel/ecommerce/vendor/laravel/framework/src/Illuminate/Pipeline/Pipeline.php(180): Illuminate\\Cookie\\Middleware\\EncryptCookies->handle()
#28 /home/kurt/Projects/Laravel/ecommerce/vendor/laravel/framework/src/Illuminate/Pipeline/Pipeline.php(116): Illuminate\\Pipeline\\Pipeline->Illuminate\\Pipeline\\{closure}()
#29 /home/kurt/Projects/Laravel/ecommerce/vendor/laravel/framework/src/Illuminate/Routing/Router.php(799): Illuminate\\Pipeline\\Pipeline->then()
#30 /home/kurt/Projects/Laravel/ecommerce/vendor/laravel/framework/src/Illuminate/Routing/Router.php(776): Illuminate\\Routing\\Router->runRouteWithinStack()
#31 /home/kurt/Projects/Laravel/ecommerce/vendor/laravel/framework/src/Illuminate/Routing/Router.php(740): Illuminate\\Routing\\Router->runRoute()
#32 /home/kurt/Projects/Laravel/ecommerce/vendor/laravel/framework/src/Illuminate/Routing/Router.php(729): Illuminate\\Routing\\Router->dispatchToRoute()
#33 /home/kurt/Projects/Laravel/ecommerce/vendor/laravel/framework/src/Illuminate/Foundation/Http/Kernel.php(190): Illuminate\\Routing\\Router->dispatch()
#34 /home/kurt/Projects/Laravel/ecommerce/vendor/laravel/framework/src/Illuminate/Pipeline/Pipeline.php(141): Illuminate\\Foundation\\Http\\Kernel->Illuminate\\Foundation\\Http\\{closure}()
#35 /home/kurt/Projects/Laravel/ecommerce/vendor/laravel/framework/src/Illuminate/Foundation/Http/Middleware/TransformsRequest.php(21): Illuminate\\Pipeline\\Pipeline->Illuminate\\Pipeline\\{closure}()
#36 /home/kurt/Projects/Laravel/ecommerce/vendor/laravel/framework/src/Illuminate/Foundation/Http/Middleware/ConvertEmptyStringsToNull.php(31): Illuminate\\Foundation\\Http\\Middleware\\TransformsRequest->handle()
#37 /home/kurt/Projects/Laravel/ecommerce/vendor/laravel/framework/src/Illuminate/Pipeline/Pipeline.php(180): Illuminate\\Foundation\\Http\\Middleware\\ConvertEmptyStringsToNull->handle()
#38 /home/kurt/Projects/Laravel/ecommerce/vendor/laravel/framework/src/Illuminate/Foundation/Http/Middleware/TransformsRequest.php(21): Illuminate\\Pipeline\\Pipeline->Illuminate\\Pipeline\\{closure}()
#39 /home/kurt/Projects/Laravel/ecommerce/vendor/laravel/framework/src/Illuminate/Foundation/Http/Middleware/TrimStrings.php(40): Illuminate\\Foundation\\Http\\Middleware\\TransformsRequest->handle()
#40 /home/kurt/Projects/Laravel/ecommerce/vendor/laravel/framework/src/Illuminate/Pipeline/Pipeline.php(180): Illuminate\\Foundation\\Http\\Middleware\\TrimStrings->handle()
#41 /home/kurt/Projects/Laravel/ecommerce/vendor/laravel/framework/src/Illuminate/Foundation/Http/Middleware/ValidatePostSize.php(27): Illuminate\\Pipeline\\Pipeline->Illuminate\\Pipeline\\{closure}()
#42 /home/kurt/Projects/Laravel/ecommerce/vendor/laravel/framework/src/Illuminate/Pipeline/Pipeline.php(180): Illuminate\\Foundation\\Http\\Middleware\\ValidatePostSize->handle()
#43 /home/kurt/Projects/Laravel/ecommerce/vendor/laravel/framework/src/Illuminate/Foundation/Http/Middleware/PreventRequestsDuringMaintenance.php(86): Illuminate\\Pipeline\\Pipeline->Illuminate\\Pipeline\\{closure}()
#44 /home/kurt/Projects/Laravel/ecommerce/vendor/laravel/framework/src/Illuminate/Pipeline/Pipeline.php(180): Illuminate\\Foundation\\Http\\Middleware\\PreventRequestsDuringMaintenance->handle()
#45 /home/kurt/Projects/Laravel/ecommerce/vendor/laravel/framework/src/Illuminate/Http/Middleware/HandleCors.php(49): Illuminate\\Pipeline\\Pipeline->Illuminate\\Pipeline\\{closure}()
#46 /home/kurt/Projects/Laravel/ecommerce/vendor/laravel/framework/src/Illuminate/Pipeline/Pipeline.php(180): Illuminate\\Http\\Middleware\\HandleCors->handle()
#47 /home/kurt/Projects/Laravel/ecommerce/vendor/laravel/framework/src/Illuminate/Http/Middleware/TrustProxies.php(39): Illuminate\\Pipeline\\Pipeline->Illuminate\\Pipeline\\{closure}()
#48 /home/kurt/Projects/Laravel/ecommerce/vendor/laravel/framework/src/Illuminate/Pipeline/Pipeline.php(180): Illuminate\\Http\\Middleware\\TrustProxies->handle()
#49 /home/kurt/Projects/Laravel/ecommerce/vendor/laravel/framework/src/Illuminate/Pipeline/Pipeline.php(116): Illuminate\\Pipeline\\Pipeline->Illuminate\\Pipeline\\{closure}()
#50 /home/kurt/Projects/Laravel/ecommerce/vendor/laravel/framework/src/Illuminate/Foundation/Http/Kernel.php(165): Illuminate\\Pipeline\\Pipeline->then()
#51 /home/kurt/Projects/Laravel/ecommerce/vendor/laravel/framework/src/Illuminate/Foundation/Http/Kernel.php(134): Illuminate\\Foundation\\Http\\Kernel->sendRequestThroughRouter()
#52 /home/kurt/Projects/Laravel/ecommerce/public/index.php(52): Illuminate\\Foundation\\Http\\Kernel->handle()
#53 /home/kurt/Projects/Laravel/ecommerce/vendor/laravel/framework/src/Illuminate/Foundation/resources/server.php(16): require_once('...')
#54 {main}

[previous exception] [object] (Exception(code: 0): Vite manifest not found at: /home/kurt/Projects/Laravel/ecommerce/public/build/manifest.json at /home/kurt/Projects/Laravel/ecommerce/vendor/laravel/framework/src/Illuminate/Foundation/Vite.php:684)
[stacktrace]
#0 /home/kurt/Projects/Laravel/ecommerce/vendor/laravel/framework/src/Illuminate/Foundation/Vite.php(273): Illuminate\\Foundation\\Vite->manifest()
#1 /home/kurt/Projects/Laravel/ecommerce/storage/framework/views/a09a077fd67079057914bb9bb420bfa47c3ca886.php(4): Illuminate\\Foundation\\Vite->__invoke()
#2 /home/kurt/Projects/Laravel/ecommerce/vendor/laravel/framework/src/Illuminate/Filesystem/Filesystem.php(109): require('...')
#3 /home/kurt/Projects/Laravel/ecommerce/vendor/laravel/framework/src/Illuminate/Filesystem/Filesystem.php(110): Illuminate\\Filesystem\\Filesystem::Illuminate\\Filesystem\\{closure}()
#4 /home/kurt/Projects/Laravel/ecommerce/vendor/laravel/framework/src/Illuminate/View/Engines/PhpEngine.php(58): Illuminate\\Filesystem\\Filesystem->getRequire()
#5 /home/kurt/Projects/Laravel/ecommerce/vendor/laravel/framework/src/Illuminate/View/Engines/CompilerEngine.php(70): Illuminate\\View\\Engines\\PhpEngine->evaluatePath()
#6 /home/kurt/Projects/Laravel/ecommerce/vendor/laravel/framework/src/Illuminate/View/View.php(195): Illuminate\\View\\Engines\\CompilerEngine->get()
#7 /home/kurt/Projects/Laravel/ecommerce/vendor/laravel/framework/src/Illuminate/View/View.php(178): Illuminate\\View\\View->getContents()
#8 /home/kurt/Projects/Laravel/ecommerce/vendor/laravel/framework/src/Illuminate/View/View.php(147): Illuminate\\View\\View->renderContents()
#9 /home/kurt/Projects/Laravel/ecommerce/vendor/laravel/framework/src/Illuminate/Http/Response.php(69): Illuminate\\View\\View->render()
#10 /home/kurt/Projects/Laravel/ecommerce/vendor/laravel/framework/src/Illuminate/Http/Response.php(35): Illuminate\\Http\\Response->setContent()
#11 /home/kurt/Projects/Laravel/ecommerce/vendor/laravel/framework/src/Illuminate/Routing/Router.php(906): Illuminate\\Http\\Response->__construct()
#12 /home/kurt/Projects/Laravel/ecommerce/vendor/laravel/framework/src/Illuminate/Routing/Router.php(875): Illuminate\\Routing\\Router::toResponse()
#13 /home/kurt/Projects/Laravel/ecommerce/vendor/laravel/framework/src/Illuminate/Routing/Router.php(798): Illuminate\\Routing\\Router->prepareResponse()
#14 /home/kurt/Projects/Laravel/ecommerce/vendor/laravel/framework/src/Illuminate/Pipeline/Pipeline.php(141): Illuminate\\Routing\\Router->Illuminate\\Routing\\{closure}()
#15 /home/kurt/Projects/Laravel/ecommerce/vendor/laravel/framework/src/Illuminate/Routing/Middleware/SubstituteBindings.php(50): Illuminate\\Pipeline\\Pipeline->Illuminate\\Pipeline\\{closure}()
#16 /home/kurt/Projects/Laravel/ecommerce/vendor/laravel/framework/src/Illuminate/Pipeline/Pipeline.php(180): Illuminate\\Routing\\Middleware\\SubstituteBindings->handle()
#17 /home/kurt/Projects/Laravel/ecommerce/vendor/laravel/framework/src/Illuminate/Foundation/Http/Middleware/VerifyCsrfToken.php(78): Illuminate\\Pipeline\\Pipeline->Illuminate\\Pipeline\\{closure}()
#18 /home/kurt/Projects/Laravel/ecommerce/vendor/laravel/framework/src/Illuminate/Pipeline/Pipeline.php(180): Illuminate\\Foundation\\Http\\Middleware\\VerifyCsrfToken->handle()
#19 /home/kurt/Projects/Laravel/ecommerce/vendor/laravel/framework/src/Illuminate/View/Middleware/ShareErrorsFromSession.php(49): Illuminate\\Pipeline\\Pipeline->Illuminate\\Pipeline\\{closure}()
#20 /home/kurt/Projects/Laravel/ecommerce/vendor/laravel/framework/src/Illuminate/Pipeline/Pipeline.php(180): Illuminate\\View\\Middleware\\ShareErrorsFromSession->handle()
#21 /home/kurt/Projects/Laravel/ecommerce/vendor/laravel/framework/src/Illuminate/Session/Middleware/StartSession.php(121): Illuminate\\Pipeline\\Pipeline->Illuminate\\Pipeline\\{closure}()
#22 /home/kurt/Projects/Laravel/ecommerce/vendor/laravel/framework/src/Illuminate/Session/Middleware/StartSession.php(64): Illuminate\\Session\\Middleware\\StartSession->handleStatefulRequest()
#23 /home/kurt/Projects/Laravel/ecommerce/vendor/laravel/framework/src/Illuminate/Pipeline/Pipeline.php(180): Illuminate\\Session\\Middleware\\StartSession->handle()
#24 /home/kurt/Projects/Laravel/ecommerce/vendor/laravel/framework/src/Illuminate/Cookie/Middleware/AddQueuedCookiesToResponse.php(37): Illuminate\\Pipeline\\Pipeline->Illuminate\\Pipeline\\{closure}()
#25 /home/kurt/Projects/Laravel/ecommerce/vendor/laravel/framework/src/Illuminate/Pipeline/Pipeline.php(180): Illuminate\\Cookie\\Middleware\\AddQueuedCookiesToResponse->handle()
#26 /home/kurt/Projects/Laravel/ecommerce/vendor/laravel/framework/src/Illuminate/Cookie/Middleware/EncryptCookies.php(67): Illuminate\\Pipeline\\Pipeline->Illuminate\\Pipeline\\{closure}()
#27 /home/kurt/Projects/Laravel/ecommerce/vendor/laravel/framework/src/Illuminate/Pipeline/Pipeline.php(180): Illuminate\\Cookie\\Middleware\\EncryptCookies->handle()
#28 /home/kurt/Projects/Laravel/ecommerce/vendor/laravel/framework/src/Illuminate/Pipeline/Pipeline.php(116): Illuminate\\Pipeline\\Pipeline->Illuminate\\Pipeline\\{closure}()
#29 /home/kurt/Projects/Laravel/ecommerce/vendor/laravel/framework/src/Illuminate/Routing/Router.php(799): Illuminate\\Pipeline\\Pipeline->then()
#30 /home/kurt/Projects/Laravel/ecommerce/vendor/laravel/framework/src/Illuminate/Routing/Router.php(776): Illuminate\\Routing\\Router->runRouteWithinStack()
#31 /home/kurt/Projects/Laravel/ecommerce/vendor/laravel/framework/src/Illuminate/Routing/Router.php(740): Illuminate\\Routing\\Router->runRoute()
#32 /home/kurt/Projects/Laravel/ecommerce/vendor/laravel/framework/src/Illuminate/Routing/Router.php(729): Illuminate\\Routing\\Router->dispatchToRoute()
#33 /home/kurt/Projects/Laravel/ecommerce/vendor/laravel/framework/src/Illuminate/Foundation/Http/Kernel.php(190): Illuminate\\Routing\\Router->dispatch()
#34 /home/kurt/Projects/Laravel/ecommerce/vendor/laravel/framework/src/Illuminate/Pipeline/Pipeline.php(141): Illuminate\\Foundation\\Http\\Kernel->Illuminate\\Foundation\\Http\\{closure}()
#35 /home/kurt/Projects/Laravel/ecommerce/vendor/laravel/framework/src/Illuminate/Foundation/Http/Middleware/TransformsRequest.php(21): Illuminate\\Pipeline\\Pipeline->Illuminate\\Pipeline\\{closure}()
#36 /home/kurt/Projects/Laravel/ecommerce/vendor/laravel/framework/src/Illuminate/Foundation/Http/Middleware/ConvertEmptyStringsToNull.php(31): Illuminate\\Foundation\\Http\\Middleware\\TransformsRequest->handle()
#37 /home/kurt/Projects/Laravel/ecommerce/vendor/laravel/framework/src/Illuminate/Pipeline/Pipeline.php(180): Illuminate\\Foundation\\Http\\Middleware\\ConvertEmptyStringsToNull->handle()
#38 /home/kurt/Projects/Laravel/ecommerce/vendor/laravel/framework/src/Illuminate/Foundation/Http/Middleware/TransformsRequest.php(21): Illuminate\\Pipeline\\Pipeline->Illuminate\\Pipeline\\{closure}()
#39 /home/kurt/Projects/Laravel/ecommerce/vendor/laravel/framework/src/Illuminate/Foundation/Http/Middleware/TrimStrings.php(40): Illuminate\\Foundation\\Http\\Middleware\\TransformsRequest->handle()
#40 /home/kurt/Projects/Laravel/ecommerce/vendor/laravel/framework/src/Illuminate/Pipeline/Pipeline.php(180): Illuminate\\Foundation\\Http\\Middleware\\TrimStrings->handle()
#41 /home/kurt/Projects/Laravel/ecommerce/vendor/laravel/framework/src/Illuminate/Foundation/Http/Middleware/ValidatePostSize.php(27): Illuminate\\Pipeline\\Pipeline->Illuminate\\Pipeline\\{closure}()
#42 /home/kurt/Projects/Laravel/ecommerce/vendor/laravel/framework/src/Illuminate/Pipeline/Pipeline.php(180): Illuminate\\Foundation\\Http\\Middleware\\ValidatePostSize->handle()
#43 /home/kurt/Projects/Laravel/ecommerce/vendor/laravel/framework/src/Illuminate/Foundation/Http/Middleware/PreventRequestsDuringMaintenance.php(86): Illuminate\\Pipeline\\Pipeline->Illuminate\\Pipeline\\{closure}()
#44 /home/kurt/Projects/Laravel/ecommerce/vendor/laravel/framework/src/Illuminate/Pipeline/Pipeline.php(180): Illuminate\\Foundation\\Http\\Middleware\\PreventRequestsDuringMaintenance->handle()
#45 /home/kurt/Projects/Laravel/ecommerce/vendor/laravel/framework/src/Illuminate/Http/Middleware/HandleCors.php(49): Illuminate\\Pipeline\\Pipeline->Illuminate\\Pipeline\\{closure}()
#46 /home/kurt/Projects/Laravel/ecommerce/vendor/laravel/framework/src/Illuminate/Pipeline/Pipeline.php(180): Illuminate\\Http\\Middleware\\HandleCors->handle()
#47 /home/kurt/Projects/Laravel/ecommerce/vendor/laravel/framework/src/Illuminate/Http/Middleware/TrustProxies.php(39): Illuminate\\Pipeline\\Pipeline->Illuminate\\Pipeline\\{closure}()
#48 /home/kurt/Projects/Laravel/ecommerce/vendor/laravel/framework/src/Illuminate/Pipeline/Pipeline.php(180): Illuminate\\Http\\Middleware\\TrustProxies->handle()
#49 /home/kurt/Projects/Laravel/ecommerce/vendor/laravel/framework/src/Illuminate/Pipeline/Pipeline.php(116): Illuminate\\Pipeline\\Pipeline->Illuminate\\Pipeline\\{closure}()
#50 /home/kurt/Projects/Laravel/ecommerce/vendor/laravel/framework/src/Illuminate/Foundation/Http/Kernel.php(165): Illuminate\\Pipeline\\Pipeline->then()
#51 /home/kurt/Projects/Laravel/ecommerce/vendor/laravel/framework/src/Illuminate/Foundation/Http/Kernel.php(134): Illuminate\\Foundation\\Http\\Kernel->sendRequestThroughRouter()
#52 /home/kurt/Projects/Laravel/ecommerce/public/index.php(52): Illuminate\\Foundation\\Http\\Kernel->handle()
#53 /home/kurt/Projects/Laravel/ecommerce/vendor/laravel/framework/src/Illuminate/Foundation/resources/server.php(16): require_once('...')
#54 {main}
"} 
[2024-01-31 12:19:43] local.ERROR: Vite manifest not found at: /home/kurt/Projects/Laravel/ecommerce/public/build/manifest.json {"view":{"view":"/home/kurt/Projects/Laravel/ecommerce/resources/views/welcome.blade.php","data":[]},"exception":"[object] (Spatie\\LaravelIgnition\\Exceptions\\ViewException(code: 0): Vite manifest not found at: /home/kurt/Projects/Laravel/ecommerce/public/build/manifest.json at /home/kurt/Projects/Laravel/ecommerce/vendor/laravel/framework/src/Illuminate/Foundation/Vite.php:684)
[stacktrace]
#0 /home/kurt/Projects/Laravel/ecommerce/vendor/laravel/framework/src/Illuminate/Foundation/Vite.php(273): Illuminate\\Foundation\\Vite->manifest()
#1 /home/kurt/Projects/Laravel/ecommerce/resources/views/welcome.blade.php(4): Illuminate\\Foundation\\Vite->__invoke()
#2 /home/kurt/Projects/Laravel/ecommerce/vendor/laravel/framework/src/Illuminate/Filesystem/Filesystem.php(109): require('...')
#3 /home/kurt/Projects/Laravel/ecommerce/vendor/laravel/framework/src/Illuminate/Filesystem/Filesystem.php(110): Illuminate\\Filesystem\\Filesystem::Illuminate\\Filesystem\\{closure}()
#4 /home/kurt/Projects/Laravel/ecommerce/vendor/laravel/framework/src/Illuminate/View/Engines/PhpEngine.php(58): Illuminate\\Filesystem\\Filesystem->getRequire()
#5 /home/kurt/Projects/Laravel/ecommerce/vendor/laravel/framework/src/Illuminate/View/Engines/CompilerEngine.php(70): Illuminate\\View\\Engines\\PhpEngine->evaluatePath()
#6 /home/kurt/Projects/Laravel/ecommerce/vendor/laravel/framework/src/Illuminate/View/View.php(195): Illuminate\\View\\Engines\\CompilerEngine->get()
#7 /home/kurt/Projects/Laravel/ecommerce/vendor/laravel/framework/src/Illuminate/View/View.php(178): Illuminate\\View\\View->getContents()
#8 /home/kurt/Projects/Laravel/ecommerce/vendor/laravel/framework/src/Illuminate/View/View.php(147): Illuminate\\View\\View->renderContents()
#9 /home/kurt/Projects/Laravel/ecommerce/vendor/laravel/framework/src/Illuminate/Http/Response.php(69): Illuminate\\View\\View->render()
#10 /home/kurt/Projects/Laravel/ecommerce/vendor/laravel/framework/src/Illuminate/Http/Response.php(35): Illuminate\\Http\\Response->setContent()
#11 /home/kurt/Projects/Laravel/ecommerce/vendor/laravel/framework/src/Illuminate/Routing/Router.php(906): Illuminate\\Http\\Response->__construct()
#12 /home/kurt/Projects/Laravel/ecommerce/vendor/laravel/framework/src/Illuminate/Routing/Router.php(875): Illuminate\\Routing\\Router::toResponse()
#13 /home/kurt/Projects/Laravel/ecommerce/vendor/laravel/framework/src/Illuminate/Routing/Router.php(798): Illuminate\\Routing\\Router->prepareResponse()
#14 /home/kurt/Projects/Laravel/ecommerce/vendor/laravel/framework/src/Illuminate/Pipeline/Pipeline.php(141): Illuminate\\Routing\\Router->Illuminate\\Routing\\{closure}()
#15 /home/kurt/Projects/Laravel/ecommerce/vendor/laravel/framework/src/Illuminate/Routing/Middleware/SubstituteBindings.php(50): Illuminate\\Pipeline\\Pipeline->Illuminate\\Pipeline\\{closure}()
#16 /home/kurt/Projects/Laravel/ecommerce/vendor/laravel/framework/src/Illuminate/Pipeline/Pipeline.php(180): Illuminate\\Routing\\Middleware\\SubstituteBindings->handle()
#17 /home/kurt/Projects/Laravel/ecommerce/vendor/laravel/framework/src/Illuminate/Foundation/Http/Middleware/VerifyCsrfToken.php(78): Illuminate\\Pipeline\\Pipeline->Illuminate\\Pipeline\\{closure}()
#18 /home/kurt/Projects/Laravel/ecommerce/vendor/laravel/framework/src/Illuminate/Pipeline/Pipeline.php(180): Illuminate\\Foundation\\Http\\Middleware\\VerifyCsrfToken->handle()
#19 /home/kurt/Projects/Laravel/ecommerce/vendor/laravel/framework/src/Illuminate/View/Middleware/ShareErrorsFromSession.php(49): Illuminate\\Pipeline\\Pipeline->Illuminate\\Pipeline\\{closure}()
#20 /home/kurt/Projects/Laravel/ecommerce/vendor/laravel/framework/src/Illuminate/Pipeline/Pipeline.php(180): Illuminate\\View\\Middleware\\ShareErrorsFromSession->handle()
#21 /home/kurt/Projects/Laravel/ecommerce/vendor/laravel/framework/src/Illuminate/Session/Middleware/StartSession.php(121): Illuminate\\Pipeline\\Pipeline->Illuminate\\Pipeline\\{closure}()
#22 /home/kurt/Projects/Laravel/ecommerce/vendor/laravel/framework/src/Illuminate/Session/Middleware/StartSession.php(64): Illuminate\\Session\\Middleware\\StartSession->handleStatefulRequest()
#23 /home/kurt/Projects/Laravel/ecommerce/vendor/laravel/framework/src/Illuminate/Pipeline/Pipeline.php(180): Illuminate\\Session\\Middleware\\StartSession->handle()
#24 /home/kurt/Projects/Laravel/ecommerce/vendor/laravel/framework/src/Illuminate/Cookie/Middleware/AddQueuedCookiesToResponse.php(37): Illuminate\\Pipeline\\Pipeline->Illuminate\\Pipeline\\{closure}()
#25 /home/kurt/Projects/Laravel/ecommerce/vendor/laravel/framework/src/Illuminate/Pipeline/Pipeline.php(180): Illuminate\\Cookie\\Middleware\\AddQueuedCookiesToResponse->handle()
#26 /home/kurt/Projects/Laravel/ecommerce/vendor/laravel/framework/src/Illuminate/Cookie/Middleware/EncryptCookies.php(67): Illuminate\\Pipeline\\Pipeline->Illuminate\\Pipeline\\{closure}()
#27 /home/kurt/Projects/Laravel/ecommerce/vendor/laravel/framework/src/Illuminate/Pipeline/Pipeline.php(180): Illuminate\\Cookie\\Middleware\\EncryptCookies->handle()
#28 /home/kurt/Projects/Laravel/ecommerce/vendor/laravel/framework/src/Illuminate/Pipeline/Pipeline.php(116): Illuminate\\Pipeline\\Pipeline->Illuminate\\Pipeline\\{closure}()
#29 /home/kurt/Projects/Laravel/ecommerce/vendor/laravel/framework/src/Illuminate/Routing/Router.php(799): Illuminate\\Pipeline\\Pipeline->then()
#30 /home/kurt/Projects/Laravel/ecommerce/vendor/laravel/framework/src/Illuminate/Routing/Router.php(776): Illuminate\\Routing\\Router->runRouteWithinStack()
#31 /home/kurt/Projects/Laravel/ecommerce/vendor/laravel/framework/src/Illuminate/Routing/Router.php(740): Illuminate\\Routing\\Router->runRoute()
#32 /home/kurt/Projects/Laravel/ecommerce/vendor/laravel/framework/src/Illuminate/Routing/Router.php(729): Illuminate\\Routing\\Router->dispatchToRoute()
#33 /home/kurt/Projects/Laravel/ecommerce/vendor/laravel/framework/src/Illuminate/Foundation/Http/Kernel.php(190): Illuminate\\Routing\\Router->dispatch()
#34 /home/kurt/Projects/Laravel/ecommerce/vendor/laravel/framework/src/Illuminate/Pipeline/Pipeline.php(141): Illuminate\\Foundation\\Http\\Kernel->Illuminate\\Foundation\\Http\\{closure}()
#35 /home/kurt/Projects/Laravel/ecommerce/vendor/laravel/framework/src/Illuminate/Foundation/Http/Middleware/TransformsRequest.php(21): Illuminate\\Pipeline\\Pipeline->Illuminate\\Pipeline\\{closure}()
#36 /home/kurt/Projects/Laravel/ecommerce/vendor/laravel/framework/src/Illuminate/Foundation/Http/Middleware/ConvertEmptyStringsToNull.php(31): Illuminate\\Foundation\\Http\\Middleware\\TransformsRequest->handle()
#37 /home/kurt/Projects/Laravel/ecommerce/vendor/laravel/framework/src/Illuminate/Pipeline/Pipeline.php(180): Illuminate\\Foundation\\Http\\Middleware\\ConvertEmptyStringsToNull->handle()
#38 /home/kurt/Projects/Laravel/ecommerce/vendor/laravel/framework/src/Illuminate/Foundation/Http/Middleware/TransformsRequest.php(21): Illuminate\\Pipeline\\Pipeline->Illuminate\\Pipeline\\{closure}()
#39 /home/kurt/Projects/Laravel/ecommerce/vendor/laravel/framework/src/Illuminate/Foundation/Http/Middleware/TrimStrings.php(40): Illuminate\\Foundation\\Http\\Middleware\\TransformsRequest->handle()
#40 /home/kurt/Projects/Laravel/ecommerce/vendor/laravel/framework/src/Illuminate/Pipeline/Pipeline.php(180): Illuminate\\Foundation\\Http\\Middleware\\TrimStrings->handle()
#41 /home/kurt/Projects/Laravel/ecommerce/vendor/laravel/framework/src/Illuminate/Foundation/Http/Middleware/ValidatePostSize.php(27): Illuminate\\Pipeline\\Pipeline->Illuminate\\Pipeline\\{closure}()
#42 /home/kurt/Projects/Laravel/ecommerce/vendor/laravel/framework/src/Illuminate/Pipeline/Pipeline.php(180): Illuminate\\Foundation\\Http\\Middleware\\ValidatePostSize->handle()
#43 /home/kurt/Projects/Laravel/ecommerce/vendor/laravel/framework/src/Illuminate/Foundation/Http/Middleware/PreventRequestsDuringMaintenance.php(86): Illuminate\\Pipeline\\Pipeline->Illuminate\\Pipeline\\{closure}()
#44 /home/kurt/Projects/Laravel/ecommerce/vendor/laravel/framework/src/Illuminate/Pipeline/Pipeline.php(180): Illuminate\\Foundation\\Http\\Middleware\\PreventRequestsDuringMaintenance->handle()
#45 /home/kurt/Projects/Laravel/ecommerce/vendor/laravel/framework/src/Illuminate/Http/Middleware/HandleCors.php(49): Illuminate\\Pipeline\\Pipeline->Illuminate\\Pipeline\\{closure}()
#46 /home/kurt/Projects/Laravel/ecommerce/vendor/laravel/framework/src/Illuminate/Pipeline/Pipeline.php(180): Illuminate\\Http\\Middleware\\HandleCors->handle()
#47 /home/kurt/Projects/Laravel/ecommerce/vendor/laravel/framework/src/Illuminate/Http/Middleware/TrustProxies.php(39): Illuminate\\Pipeline\\Pipeline->Illuminate\\Pipeline\\{closure}()
#48 /home/kurt/Projects/Laravel/ecommerce/vendor/laravel/framework/src/Illuminate/Pipeline/Pipeline.php(180): Illuminate\\Http\\Middleware\\TrustProxies->handle()
#49 /home/kurt/Projects/Laravel/ecommerce/vendor/laravel/framework/src/Illuminate/Pipeline/Pipeline.php(116): Illuminate\\Pipeline\\Pipeline->Illuminate\\Pipeline\\{closure}()
#50 /home/kurt/Projects/Laravel/ecommerce/vendor/laravel/framework/src/Illuminate/Foundation/Http/Kernel.php(165): Illuminate\\Pipeline\\Pipeline->then()
#51 /home/kurt/Projects/Laravel/ecommerce/vendor/laravel/framework/src/Illuminate/Foundation/Http/Kernel.php(134): Illuminate\\Foundation\\Http\\Kernel->sendRequestThroughRouter()
#52 /home/kurt/Projects/Laravel/ecommerce/public/index.php(52): Illuminate\\Foundation\\Http\\Kernel->handle()
#53 /home/kurt/Projects/Laravel/ecommerce/vendor/laravel/framework/src/Illuminate/Foundation/resources/server.php(16): require_once('...')
#54 {main}

[previous exception] [object] (Exception(code: 0): Vite manifest not found at: /home/kurt/Projects/Laravel/ecommerce/public/build/manifest.json at /home/kurt/Projects/Laravel/ecommerce/vendor/laravel/framework/src/Illuminate/Foundation/Vite.php:684)
[stacktrace]
#0 /home/kurt/Projects/Laravel/ecommerce/vendor/laravel/framework/src/Illuminate/Foundation/Vite.php(273): Illuminate\\Foundation\\Vite->manifest()
#1 /home/kurt/Projects/Laravel/ecommerce/storage/framework/views/a09a077fd67079057914bb9bb420bfa47c3ca886.php(4): Illuminate\\Foundation\\Vite->__invoke()
#2 /home/kurt/Projects/Laravel/ecommerce/vendor/laravel/framework/src/Illuminate/Filesystem/Filesystem.php(109): require('...')
#3 /home/kurt/Projects/Laravel/ecommerce/vendor/laravel/framework/src/Illuminate/Filesystem/Filesystem.php(110): Illuminate\\Filesystem\\Filesystem::Illuminate\\Filesystem\\{closure}()
#4 /home/kurt/Projects/Laravel/ecommerce/vendor/laravel/framework/src/Illuminate/View/Engines/PhpEngine.php(58): Illuminate\\Filesystem\\Filesystem->getRequire()
#5 /home/kurt/Projects/Laravel/ecommerce/vendor/laravel/framework/src/Illuminate/View/Engines/CompilerEngine.php(70): Illuminate\\View\\Engines\\PhpEngine->evaluatePath()
#6 /home/kurt/Projects/Laravel/ecommerce/vendor/laravel/framework/src/Illuminate/View/View.php(195): Illuminate\\View\\Engines\\CompilerEngine->get()
#7 /home/kurt/Projects/Laravel/ecommerce/vendor/laravel/framework/src/Illuminate/View/View.php(178): Illuminate\\View\\View->getContents()
#8 /home/kurt/Projects/Laravel/ecommerce/vendor/laravel/framework/src/Illuminate/View/View.php(147): Illuminate\\View\\View->renderContents()
#9 /home/kurt/Projects/Laravel/ecommerce/vendor/laravel/framework/src/Illuminate/Http/Response.php(69): Illuminate\\View\\View->render()
#10 /home/kurt/Projects/Laravel/ecommerce/vendor/laravel/framework/src/Illuminate/Http/Response.php(35): Illuminate\\Http\\Response->setContent()
#11 /home/kurt/Projects/Laravel/ecommerce/vendor/laravel/framework/src/Illuminate/Routing/Router.php(906): Illuminate\\Http\\Response->__construct()
#12 /home/kurt/Projects/Laravel/ecommerce/vendor/laravel/framework/src/Illuminate/Routing/Router.php(875): Illuminate\\Routing\\Router::toResponse()
#13 /home/kurt/Projects/Laravel/ecommerce/vendor/laravel/framework/src/Illuminate/Routing/Router.php(798): Illuminate\\Routing\\Router->prepareResponse()
#14 /home/kurt/Projects/Laravel/ecommerce/vendor/laravel/framework/src/Illuminate/Pipeline/Pipeline.php(141): Illuminate\\Routing\\Router->Illuminate\\Routing\\{closure}()
#15 /home/kurt/Projects/Laravel/ecommerce/vendor/laravel/framework/src/Illuminate/Routing/Middleware/SubstituteBindings.php(50): Illuminate\\Pipeline\\Pipeline->Illuminate\\Pipeline\\{closure}()
#16 /home/kurt/Projects/Laravel/ecommerce/vendor/laravel/framework/src/Illuminate/Pipeline/Pipeline.php(180): Illuminate\\Routing\\Middleware\\SubstituteBindings->handle()
#17 /home/kurt/Projects/Laravel/ecommerce/vendor/laravel/framework/src/Illuminate/Foundation/Http/Middleware/VerifyCsrfToken.php(78): Illuminate\\Pipeline\\Pipeline->Illuminate\\Pipeline\\{closure}()
#18 /home/kurt/Projects/Laravel/ecommerce/vendor/laravel/framework/src/Illuminate/Pipeline/Pipeline.php(180): Illuminate\\Foundation\\Http\\Middleware\\VerifyCsrfToken->handle()
#19 /home/kurt/Projects/Laravel/ecommerce/vendor/laravel/framework/src/Illuminate/View/Middleware/ShareErrorsFromSession.php(49): Illuminate\\Pipeline\\Pipeline->Illuminate\\Pipeline\\{closure}()
#20 /home/kurt/Projects/Laravel/ecommerce/vendor/laravel/framework/src/Illuminate/Pipeline/Pipeline.php(180): Illuminate\\View\\Middleware\\ShareErrorsFromSession->handle()
#21 /home/kurt/Projects/Laravel/ecommerce/vendor/laravel/framework/src/Illuminate/Session/Middleware/StartSession.php(121): Illuminate\\Pipeline\\Pipeline->Illuminate\\Pipeline\\{closure}()
#22 /home/kurt/Projects/Laravel/ecommerce/vendor/laravel/framework/src/Illuminate/Session/Middleware/StartSession.php(64): Illuminate\\Session\\Middleware\\StartSession->handleStatefulRequest()
#23 /home/kurt/Projects/Laravel/ecommerce/vendor/laravel/framework/src/Illuminate/Pipeline/Pipeline.php(180): Illuminate\\Session\\Middleware\\StartSession->handle()
#24 /home/kurt/Projects/Laravel/ecommerce/vendor/laravel/framework/src/Illuminate/Cookie/Middleware/AddQueuedCookiesToResponse.php(37): Illuminate\\Pipeline\\Pipeline->Illuminate\\Pipeline\\{closure}()
#25 /home/kurt/Projects/Laravel/ecommerce/vendor/laravel/framework/src/Illuminate/Pipeline/Pipeline.php(180): Illuminate\\Cookie\\Middleware\\AddQueuedCookiesToResponse->handle()
#26 /home/kurt/Projects/Laravel/ecommerce/vendor/laravel/framework/src/Illuminate/Cookie/Middleware/EncryptCookies.php(67): Illuminate\\Pipeline\\Pipeline->Illuminate\\Pipeline\\{closure}()
#27 /home/kurt/Projects/Laravel/ecommerce/vendor/laravel/framework/src/Illuminate/Pipeline/Pipeline.php(180): Illuminate\\Cookie\\Middleware\\EncryptCookies->handle()
#28 /home/kurt/Projects/Laravel/ecommerce/vendor/laravel/framework/src/Illuminate/Pipeline/Pipeline.php(116): Illuminate\\Pipeline\\Pipeline->Illuminate\\Pipeline\\{closure}()
#29 /home/kurt/Projects/Laravel/ecommerce/vendor/laravel/framework/src/Illuminate/Routing/Router.php(799): Illuminate\\Pipeline\\Pipeline->then()
#30 /home/kurt/Projects/Laravel/ecommerce/vendor/laravel/framework/src/Illuminate/Routing/Router.php(776): Illuminate\\Routing\\Router->runRouteWithinStack()
#31 /home/kurt/Projects/Laravel/ecommerce/vendor/laravel/framework/src/Illuminate/Routing/Router.php(740): Illuminate\\Routing\\Router->runRoute()
#32 /home/kurt/Projects/Laravel/ecommerce/vendor/laravel/framework/src/Illuminate/Routing/Router.php(729): Illuminate\\Routing\\Router->dispatchToRoute()
#33 /home/kurt/Projects/Laravel/ecommerce/vendor/laravel/framework/src/Illuminate/Foundation/Http/Kernel.php(190): Illuminate\\Routing\\Router->dispatch()
#34 /home/kurt/Projects/Laravel/ecommerce/vendor/laravel/framework/src/Illuminate/Pipeline/Pipeline.php(141): Illuminate\\Foundation\\Http\\Kernel->Illuminate\\Foundation\\Http\\{closure}()
#35 /home/kurt/Projects/Laravel/ecommerce/vendor/laravel/framework/src/Illuminate/Foundation/Http/Middleware/TransformsRequest.php(21): Illuminate\\Pipeline\\Pipeline->Illuminate\\Pipeline\\{closure}()
#36 /home/kurt/Projects/Laravel/ecommerce/vendor/laravel/framework/src/Illuminate/Foundation/Http/Middleware/ConvertEmptyStringsToNull.php(31): Illuminate\\Foundation\\Http\\Middleware\\TransformsRequest->handle()
#37 /home/kurt/Projects/Laravel/ecommerce/vendor/laravel/framework/src/Illuminate/Pipeline/Pipeline.php(180): Illuminate\\Foundation\\Http\\Middleware\\ConvertEmptyStringsToNull->handle()
#38 /home/kurt/Projects/Laravel/ecommerce/vendor/laravel/framework/src/Illuminate/Foundation/Http/Middleware/TransformsRequest.php(21): Illuminate\\Pipeline\\Pipeline->Illuminate\\Pipeline\\{closure}()
#39 /home/kurt/Projects/Laravel/ecommerce/vendor/laravel/framework/src/Illuminate/Foundation/Http/Middleware/TrimStrings.php(40): Illuminate\\Foundation\\Http\\Middleware\\TransformsRequest->handle()
#40 /home/kurt/Projects/Laravel/ecommerce/vendor/laravel/framework/src/Illuminate/Pipeline/Pipeline.php(180): Illuminate\\Foundation\\Http\\Middleware\\TrimStrings->handle()
#41 /home/kurt/Projects/Laravel/ecommerce/vendor/laravel/framework/src/Illuminate/Foundation/Http/Middleware/ValidatePostSize.php(27): Illuminate\\Pipeline\\Pipeline->Illuminate\\Pipeline\\{closure}()
#42 /home/kurt/Projects/Laravel/ecommerce/vendor/laravel/framework/src/Illuminate/Pipeline/Pipeline.php(180): Illuminate\\Foundation\\Http\\Middleware\\ValidatePostSize->handle()
#43 /home/kurt/Projects/Laravel/ecommerce/vendor/laravel/framework/src/Illuminate/Foundation/Http/Middleware/PreventRequestsDuringMaintenance.php(86): Illuminate\\Pipeline\\Pipeline->Illuminate\\Pipeline\\{closure}()
#44 /home/kurt/Projects/Laravel/ecommerce/vendor/laravel/framework/src/Illuminate/Pipeline/Pipeline.php(180): Illuminate\\Foundation\\Http\\Middleware\\PreventRequestsDuringMaintenance->handle()
#45 /home/kurt/Projects/Laravel/ecommerce/vendor/laravel/framework/src/Illuminate/Http/Middleware/HandleCors.php(49): Illuminate\\Pipeline\\Pipeline->Illuminate\\Pipeline\\{closure}()
#46 /home/kurt/Projects/Laravel/ecommerce/vendor/laravel/framework/src/Illuminate/Pipeline/Pipeline.php(180): Illuminate\\Http\\Middleware\\HandleCors->handle()
#47 /home/kurt/Projects/Laravel/ecommerce/vendor/laravel/framework/src/Illuminate/Http/Middleware/TrustProxies.php(39): Illuminate\\Pipeline\\Pipeline->Illuminate\\Pipeline\\{closure}()
#48 /home/kurt/Projects/Laravel/ecommerce/vendor/laravel/framework/src/Illuminate/Pipeline/Pipeline.php(180): Illuminate\\Http\\Middleware\\TrustProxies->handle()
#49 /home/kurt/Projects/Laravel/ecommerce/vendor/laravel/framework/src/Illuminate/Pipeline/Pipeline.php(116): Illuminate\\Pipeline\\Pipeline->Illuminate\\Pipeline\\{closure}()
#50 /home/kurt/Projects/Laravel/ecommerce/vendor/laravel/framework/src/Illuminate/Foundation/Http/Kernel.php(165): Illuminate\\Pipeline\\Pipeline->then()
#51 /home/kurt/Projects/Laravel/ecommerce/vendor/laravel/framework/src/Illuminate/Foundation/Http/Kernel.php(134): Illuminate\\Foundation\\Http\\Kernel->sendRequestThroughRouter()
#52 /home/kurt/Projects/Laravel/ecommerce/public/index.php(52): Illuminate\\Foundation\\Http\\Kernel->handle()
#53 /home/kurt/Projects/Laravel/ecommerce/vendor/laravel/framework/src/Illuminate/Foundation/resources/server.php(16): require_once('...')
#54 {main}
"} 
[2024-01-31 12:20:01] local.ERROR: Vite manifest not found at: /home/kurt/Projects/Laravel/ecommerce/public/build/manifest.json {"view":{"view":"/home/kurt/Projects/Laravel/ecommerce/resources/views/welcome.blade.php","data":[]},"exception":"[object] (Spatie\\LaravelIgnition\\Exceptions\\ViewException(code: 0): Vite manifest not found at: /home/kurt/Projects/Laravel/ecommerce/public/build/manifest.json at /home/kurt/Projects/Laravel/ecommerce/vendor/laravel/framework/src/Illuminate/Foundation/Vite.php:684)
[stacktrace]
#0 /home/kurt/Projects/Laravel/ecommerce/vendor/laravel/framework/src/Illuminate/Foundation/Vite.php(273): Illuminate\\Foundation\\Vite->manifest()
#1 /home/kurt/Projects/Laravel/ecommerce/resources/views/welcome.blade.php(4): Illuminate\\Foundation\\Vite->__invoke()
#2 /home/kurt/Projects/Laravel/ecommerce/vendor/laravel/framework/src/Illuminate/Filesystem/Filesystem.php(109): require('...')
#3 /home/kurt/Projects/Laravel/ecommerce/vendor/laravel/framework/src/Illuminate/Filesystem/Filesystem.php(110): Illuminate\\Filesystem\\Filesystem::Illuminate\\Filesystem\\{closure}()
#4 /home/kurt/Projects/Laravel/ecommerce/vendor/laravel/framework/src/Illuminate/View/Engines/PhpEngine.php(58): Illuminate\\Filesystem\\Filesystem->getRequire()
#5 /home/kurt/Projects/Laravel/ecommerce/vendor/laravel/framework/src/Illuminate/View/Engines/CompilerEngine.php(70): Illuminate\\View\\Engines\\PhpEngine->evaluatePath()
#6 /home/kurt/Projects/Laravel/ecommerce/vendor/laravel/framework/src/Illuminate/View/View.php(195): Illuminate\\View\\Engines\\CompilerEngine->get()
#7 /home/kurt/Projects/Laravel/ecommerce/vendor/laravel/framework/src/Illuminate/View/View.php(178): Illuminate\\View\\View->getContents()
#8 /home/kurt/Projects/Laravel/ecommerce/vendor/laravel/framework/src/Illuminate/View/View.php(147): Illuminate\\View\\View->renderContents()
#9 /home/kurt/Projects/Laravel/ecommerce/vendor/laravel/framework/src/Illuminate/Http/Response.php(69): Illuminate\\View\\View->render()
#10 /home/kurt/Projects/Laravel/ecommerce/vendor/laravel/framework/src/Illuminate/Http/Response.php(35): Illuminate\\Http\\Response->setContent()
#11 /home/kurt/Projects/Laravel/ecommerce/vendor/laravel/framework/src/Illuminate/Routing/Router.php(906): Illuminate\\Http\\Response->__construct()
#12 /home/kurt/Projects/Laravel/ecommerce/vendor/laravel/framework/src/Illuminate/Routing/Router.php(875): Illuminate\\Routing\\Router::toResponse()
#13 /home/kurt/Projects/Laravel/ecommerce/vendor/laravel/framework/src/Illuminate/Routing/Router.php(798): Illuminate\\Routing\\Router->prepareResponse()
#14 /home/kurt/Projects/Laravel/ecommerce/vendor/laravel/framework/src/Illuminate/Pipeline/Pipeline.php(141): Illuminate\\Routing\\Router->Illuminate\\Routing\\{closure}()
#15 /home/kurt/Projects/Laravel/ecommerce/vendor/laravel/framework/src/Illuminate/Routing/Middleware/SubstituteBindings.php(50): Illuminate\\Pipeline\\Pipeline->Illuminate\\Pipeline\\{closure}()
#16 /home/kurt/Projects/Laravel/ecommerce/vendor/laravel/framework/src/Illuminate/Pipeline/Pipeline.php(180): Illuminate\\Routing\\Middleware\\SubstituteBindings->handle()
#17 /home/kurt/Projects/Laravel/ecommerce/vendor/laravel/framework/src/Illuminate/Foundation/Http/Middleware/VerifyCsrfToken.php(78): Illuminate\\Pipeline\\Pipeline->Illuminate\\Pipeline\\{closure}()
#18 /home/kurt/Projects/Laravel/ecommerce/vendor/laravel/framework/src/Illuminate/Pipeline/Pipeline.php(180): Illuminate\\Foundation\\Http\\Middleware\\VerifyCsrfToken->handle()
#19 /home/kurt/Projects/Laravel/ecommerce/vendor/laravel/framework/src/Illuminate/View/Middleware/ShareErrorsFromSession.php(49): Illuminate\\Pipeline\\Pipeline->Illuminate\\Pipeline\\{closure}()
#20 /home/kurt/Projects/Laravel/ecommerce/vendor/laravel/framework/src/Illuminate/Pipeline/Pipeline.php(180): Illuminate\\View\\Middleware\\ShareErrorsFromSession->handle()
#21 /home/kurt/Projects/Laravel/ecommerce/vendor/laravel/framework/src/Illuminate/Session/Middleware/StartSession.php(121): Illuminate\\Pipeline\\Pipeline->Illuminate\\Pipeline\\{closure}()
#22 /home/kurt/Projects/Laravel/ecommerce/vendor/laravel/framework/src/Illuminate/Session/Middleware/StartSession.php(64): Illuminate\\Session\\Middleware\\StartSession->handleStatefulRequest()
#23 /home/kurt/Projects/Laravel/ecommerce/vendor/laravel/framework/src/Illuminate/Pipeline/Pipeline.php(180): Illuminate\\Session\\Middleware\\StartSession->handle()
#24 /home/kurt/Projects/Laravel/ecommerce/vendor/laravel/framework/src/Illuminate/Cookie/Middleware/AddQueuedCookiesToResponse.php(37): Illuminate\\Pipeline\\Pipeline->Illuminate\\Pipeline\\{closure}()
#25 /home/kurt/Projects/Laravel/ecommerce/vendor/laravel/framework/src/Illuminate/Pipeline/Pipeline.php(180): Illuminate\\Cookie\\Middleware\\AddQueuedCookiesToResponse->handle()
#26 /home/kurt/Projects/Laravel/ecommerce/vendor/laravel/framework/src/Illuminate/Cookie/Middleware/EncryptCookies.php(67): Illuminate\\Pipeline\\Pipeline->Illuminate\\Pipeline\\{closure}()
#27 /home/kurt/Projects/Laravel/ecommerce/vendor/laravel/framework/src/Illuminate/Pipeline/Pipeline.php(180): Illuminate\\Cookie\\Middleware\\EncryptCookies->handle()
#28 /home/kurt/Projects/Laravel/ecommerce/vendor/laravel/framework/src/Illuminate/Pipeline/Pipeline.php(116): Illuminate\\Pipeline\\Pipeline->Illuminate\\Pipeline\\{closure}()
#29 /home/kurt/Projects/Laravel/ecommerce/vendor/laravel/framework/src/Illuminate/Routing/Router.php(799): Illuminate\\Pipeline\\Pipeline->then()
#30 /home/kurt/Projects/Laravel/ecommerce/vendor/laravel/framework/src/Illuminate/Routing/Router.php(776): Illuminate\\Routing\\Router->runRouteWithinStack()
#31 /home/kurt/Projects/Laravel/ecommerce/vendor/laravel/framework/src/Illuminate/Routing/Router.php(740): Illuminate\\Routing\\Router->runRoute()
#32 /home/kurt/Projects/Laravel/ecommerce/vendor/laravel/framework/src/Illuminate/Routing/Router.php(729): Illuminate\\Routing\\Router->dispatchToRoute()
#33 /home/kurt/Projects/Laravel/ecommerce/vendor/laravel/framework/src/Illuminate/Foundation/Http/Kernel.php(190): Illuminate\\Routing\\Router->dispatch()
#34 /home/kurt/Projects/Laravel/ecommerce/vendor/laravel/framework/src/Illuminate/Pipeline/Pipeline.php(141): Illuminate\\Foundation\\Http\\Kernel->Illuminate\\Foundation\\Http\\{closure}()
#35 /home/kurt/Projects/Laravel/ecommerce/vendor/laravel/framework/src/Illuminate/Foundation/Http/Middleware/TransformsRequest.php(21): Illuminate\\Pipeline\\Pipeline->Illuminate\\Pipeline\\{closure}()
#36 /home/kurt/Projects/Laravel/ecommerce/vendor/laravel/framework/src/Illuminate/Foundation/Http/Middleware/ConvertEmptyStringsToNull.php(31): Illuminate\\Foundation\\Http\\Middleware\\TransformsRequest->handle()
#37 /home/kurt/Projects/Laravel/ecommerce/vendor/laravel/framework/src/Illuminate/Pipeline/Pipeline.php(180): Illuminate\\Foundation\\Http\\Middleware\\ConvertEmptyStringsToNull->handle()
#38 /home/kurt/Projects/Laravel/ecommerce/vendor/laravel/framework/src/Illuminate/Foundation/Http/Middleware/TransformsRequest.php(21): Illuminate\\Pipeline\\Pipeline->Illuminate\\Pipeline\\{closure}()
#39 /home/kurt/Projects/Laravel/ecommerce/vendor/laravel/framework/src/Illuminate/Foundation/Http/Middleware/TrimStrings.php(40): Illuminate\\Foundation\\Http\\Middleware\\TransformsRequest->handle()
#40 /home/kurt/Projects/Laravel/ecommerce/vendor/laravel/framework/src/Illuminate/Pipeline/Pipeline.php(180): Illuminate\\Foundation\\Http\\Middleware\\TrimStrings->handle()
#41 /home/kurt/Projects/Laravel/ecommerce/vendor/laravel/framework/src/Illuminate/Foundation/Http/Middleware/ValidatePostSize.php(27): Illuminate\\Pipeline\\Pipeline->Illuminate\\Pipeline\\{closure}()
#42 /home/kurt/Projects/Laravel/ecommerce/vendor/laravel/framework/src/Illuminate/Pipeline/Pipeline.php(180): Illuminate\\Foundation\\Http\\Middleware\\ValidatePostSize->handle()
#43 /home/kurt/Projects/Laravel/ecommerce/vendor/laravel/framework/src/Illuminate/Foundation/Http/Middleware/PreventRequestsDuringMaintenance.php(86): Illuminate\\Pipeline\\Pipeline->Illuminate\\Pipeline\\{closure}()
#44 /home/kurt/Projects/Laravel/ecommerce/vendor/laravel/framework/src/Illuminate/Pipeline/Pipeline.php(180): Illuminate\\Foundation\\Http\\Middleware\\PreventRequestsDuringMaintenance->handle()
#45 /home/kurt/Projects/Laravel/ecommerce/vendor/laravel/framework/src/Illuminate/Http/Middleware/HandleCors.php(49): Illuminate\\Pipeline\\Pipeline->Illuminate\\Pipeline\\{closure}()
#46 /home/kurt/Projects/Laravel/ecommerce/vendor/laravel/framework/src/Illuminate/Pipeline/Pipeline.php(180): Illuminate\\Http\\Middleware\\HandleCors->handle()
#47 /home/kurt/Projects/Laravel/ecommerce/vendor/laravel/framework/src/Illuminate/Http/Middleware/TrustProxies.php(39): Illuminate\\Pipeline\\Pipeline->Illuminate\\Pipeline\\{closure}()
#48 /home/kurt/Projects/Laravel/ecommerce/vendor/laravel/framework/src/Illuminate/Pipeline/Pipeline.php(180): Illuminate\\Http\\Middleware\\TrustProxies->handle()
#49 /home/kurt/Projects/Laravel/ecommerce/vendor/laravel/framework/src/Illuminate/Pipeline/Pipeline.php(116): Illuminate\\Pipeline\\Pipeline->Illuminate\\Pipeline\\{closure}()
#50 /home/kurt/Projects/Laravel/ecommerce/vendor/laravel/framework/src/Illuminate/Foundation/Http/Kernel.php(165): Illuminate\\Pipeline\\Pipeline->then()
#51 /home/kurt/Projects/Laravel/ecommerce/vendor/laravel/framework/src/Illuminate/Foundation/Http/Kernel.php(134): Illuminate\\Foundation\\Http\\Kernel->sendRequestThroughRouter()
#52 /home/kurt/Projects/Laravel/ecommerce/public/index.php(52): Illuminate\\Foundation\\Http\\Kernel->handle()
#53 /home/kurt/Projects/Laravel/ecommerce/vendor/laravel/framework/src/Illuminate/Foundation/resources/server.php(16): require_once('...')
#54 {main}

[previous exception] [object] (Exception(code: 0): Vite manifest not found at: /home/kurt/Projects/Laravel/ecommerce/public/build/manifest.json at /home/kurt/Projects/Laravel/ecommerce/vendor/laravel/framework/src/Illuminate/Foundation/Vite.php:684)
[stacktrace]
#0 /home/kurt/Projects/Laravel/ecommerce/vendor/laravel/framework/src/Illuminate/Foundation/Vite.php(273): Illuminate\\Foundation\\Vite->manifest()
#1 /home/kurt/Projects/Laravel/ecommerce/storage/framework/views/a09a077fd67079057914bb9bb420bfa47c3ca886.php(4): Illuminate\\Foundation\\Vite->__invoke()
#2 /home/kurt/Projects/Laravel/ecommerce/vendor/laravel/framework/src/Illuminate/Filesystem/Filesystem.php(109): require('...')
#3 /home/kurt/Projects/Laravel/ecommerce/vendor/laravel/framework/src/Illuminate/Filesystem/Filesystem.php(110): Illuminate\\Filesystem\\Filesystem::Illuminate\\Filesystem\\{closure}()
#4 /home/kurt/Projects/Laravel/ecommerce/vendor/laravel/framework/src/Illuminate/View/Engines/PhpEngine.php(58): Illuminate\\Filesystem\\Filesystem->getRequire()
#5 /home/kurt/Projects/Laravel/ecommerce/vendor/laravel/framework/src/Illuminate/View/Engines/CompilerEngine.php(70): Illuminate\\View\\Engines\\PhpEngine->evaluatePath()
#6 /home/kurt/Projects/Laravel/ecommerce/vendor/laravel/framework/src/Illuminate/View/View.php(195): Illuminate\\View\\Engines\\CompilerEngine->get()
#7 /home/kurt/Projects/Laravel/ecommerce/vendor/laravel/framework/src/Illuminate/View/View.php(178): Illuminate\\View\\View->getContents()
#8 /home/kurt/Projects/Laravel/ecommerce/vendor/laravel/framework/src/Illuminate/View/View.php(147): Illuminate\\View\\View->renderContents()
#9 /home/kurt/Projects/Laravel/ecommerce/vendor/laravel/framework/src/Illuminate/Http/Response.php(69): Illuminate\\View\\View->render()
#10 /home/kurt/Projects/Laravel/ecommerce/vendor/laravel/framework/src/Illuminate/Http/Response.php(35): Illuminate\\Http\\Response->setContent()
#11 /home/kurt/Projects/Laravel/ecommerce/vendor/laravel/framework/src/Illuminate/Routing/Router.php(906): Illuminate\\Http\\Response->__construct()
#12 /home/kurt/Projects/Laravel/ecommerce/vendor/laravel/framework/src/Illuminate/Routing/Router.php(875): Illuminate\\Routing\\Router::toResponse()
#13 /home/kurt/Projects/Laravel/ecommerce/vendor/laravel/framework/src/Illuminate/Routing/Router.php(798): Illuminate\\Routing\\Router->prepareResponse()
#14 /home/kurt/Projects/Laravel/ecommerce/vendor/laravel/framework/src/Illuminate/Pipeline/Pipeline.php(141): Illuminate\\Routing\\Router->Illuminate\\Routing\\{closure}()
#15 /home/kurt/Projects/Laravel/ecommerce/vendor/laravel/framework/src/Illuminate/Routing/Middleware/SubstituteBindings.php(50): Illuminate\\Pipeline\\Pipeline->Illuminate\\Pipeline\\{closure}()
#16 /home/kurt/Projects/Laravel/ecommerce/vendor/laravel/framework/src/Illuminate/Pipeline/Pipeline.php(180): Illuminate\\Routing\\Middleware\\SubstituteBindings->handle()
#17 /home/kurt/Projects/Laravel/ecommerce/vendor/laravel/framework/src/Illuminate/Foundation/Http/Middleware/VerifyCsrfToken.php(78): Illuminate\\Pipeline\\Pipeline->Illuminate\\Pipeline\\{closure}()
#18 /home/kurt/Projects/Laravel/ecommerce/vendor/laravel/framework/src/Illuminate/Pipeline/Pipeline.php(180): Illuminate\\Foundation\\Http\\Middleware\\VerifyCsrfToken->handle()
#19 /home/kurt/Projects/Laravel/ecommerce/vendor/laravel/framework/src/Illuminate/View/Middleware/ShareErrorsFromSession.php(49): Illuminate\\Pipeline\\Pipeline->Illuminate\\Pipeline\\{closure}()
#20 /home/kurt/Projects/Laravel/ecommerce/vendor/laravel/framework/src/Illuminate/Pipeline/Pipeline.php(180): Illuminate\\View\\Middleware\\ShareErrorsFromSession->handle()
#21 /home/kurt/Projects/Laravel/ecommerce/vendor/laravel/framework/src/Illuminate/Session/Middleware/StartSession.php(121): Illuminate\\Pipeline\\Pipeline->Illuminate\\Pipeline\\{closure}()
#22 /home/kurt/Projects/Laravel/ecommerce/vendor/laravel/framework/src/Illuminate/Session/Middleware/StartSession.php(64): Illuminate\\Session\\Middleware\\StartSession->handleStatefulRequest()
#23 /home/kurt/Projects/Laravel/ecommerce/vendor/laravel/framework/src/Illuminate/Pipeline/Pipeline.php(180): Illuminate\\Session\\Middleware\\StartSession->handle()
#24 /home/kurt/Projects/Laravel/ecommerce/vendor/laravel/framework/src/Illuminate/Cookie/Middleware/AddQueuedCookiesToResponse.php(37): Illuminate\\Pipeline\\Pipeline->Illuminate\\Pipeline\\{closure}()
#25 /home/kurt/Projects/Laravel/ecommerce/vendor/laravel/framework/src/Illuminate/Pipeline/Pipeline.php(180): Illuminate\\Cookie\\Middleware\\AddQueuedCookiesToResponse->handle()
#26 /home/kurt/Projects/Laravel/ecommerce/vendor/laravel/framework/src/Illuminate/Cookie/Middleware/EncryptCookies.php(67): Illuminate\\Pipeline\\Pipeline->Illuminate\\Pipeline\\{closure}()
#27 /home/kurt/Projects/Laravel/ecommerce/vendor/laravel/framework/src/Illuminate/Pipeline/Pipeline.php(180): Illuminate\\Cookie\\Middleware\\EncryptCookies->handle()
#28 /home/kurt/Projects/Laravel/ecommerce/vendor/laravel/framework/src/Illuminate/Pipeline/Pipeline.php(116): Illuminate\\Pipeline\\Pipeline->Illuminate\\Pipeline\\{closure}()
#29 /home/kurt/Projects/Laravel/ecommerce/vendor/laravel/framework/src/Illuminate/Routing/Router.php(799): Illuminate\\Pipeline\\Pipeline->then()
#30 /home/kurt/Projects/Laravel/ecommerce/vendor/laravel/framework/src/Illuminate/Routing/Router.php(776): Illuminate\\Routing\\Router->runRouteWithinStack()
#31 /home/kurt/Projects/Laravel/ecommerce/vendor/laravel/framework/src/Illuminate/Routing/Router.php(740): Illuminate\\Routing\\Router->runRoute()
#32 /home/kurt/Projects/Laravel/ecommerce/vendor/laravel/framework/src/Illuminate/Routing/Router.php(729): Illuminate\\Routing\\Router->dispatchToRoute()
#33 /home/kurt/Projects/Laravel/ecommerce/vendor/laravel/framework/src/Illuminate/Foundation/Http/Kernel.php(190): Illuminate\\Routing\\Router->dispatch()
#34 /home/kurt/Projects/Laravel/ecommerce/vendor/laravel/framework/src/Illuminate/Pipeline/Pipeline.php(141): Illuminate\\Foundation\\Http\\Kernel->Illuminate\\Foundation\\Http\\{closure}()
#35 /home/kurt/Projects/Laravel/ecommerce/vendor/laravel/framework/src/Illuminate/Foundation/Http/Middleware/TransformsRequest.php(21): Illuminate\\Pipeline\\Pipeline->Illuminate\\Pipeline\\{closure}()
#36 /home/kurt/Projects/Laravel/ecommerce/vendor/laravel/framework/src/Illuminate/Foundation/Http/Middleware/ConvertEmptyStringsToNull.php(31): Illuminate\\Foundation\\Http\\Middleware\\TransformsRequest->handle()
#37 /home/kurt/Projects/Laravel/ecommerce/vendor/laravel/framework/src/Illuminate/Pipeline/Pipeline.php(180): Illuminate\\Foundation\\Http\\Middleware\\ConvertEmptyStringsToNull->handle()
#38 /home/kurt/Projects/Laravel/ecommerce/vendor/laravel/framework/src/Illuminate/Foundation/Http/Middleware/TransformsRequest.php(21): Illuminate\\Pipeline\\Pipeline->Illuminate\\Pipeline\\{closure}()
#39 /home/kurt/Projects/Laravel/ecommerce/vendor/laravel/framework/src/Illuminate/Foundation/Http/Middleware/TrimStrings.php(40): Illuminate\\Foundation\\Http\\Middleware\\TransformsRequest->handle()
#40 /home/kurt/Projects/Laravel/ecommerce/vendor/laravel/framework/src/Illuminate/Pipeline/Pipeline.php(180): Illuminate\\Foundation\\Http\\Middleware\\TrimStrings->handle()
#41 /home/kurt/Projects/Laravel/ecommerce/vendor/laravel/framework/src/Illuminate/Foundation/Http/Middleware/ValidatePostSize.php(27): Illuminate\\Pipeline\\Pipeline->Illuminate\\Pipeline\\{closure}()
#42 /home/kurt/Projects/Laravel/ecommerce/vendor/laravel/framework/src/Illuminate/Pipeline/Pipeline.php(180): Illuminate\\Foundation\\Http\\Middleware\\ValidatePostSize->handle()
#43 /home/kurt/Projects/Laravel/ecommerce/vendor/laravel/framework/src/Illuminate/Foundation/Http/Middleware/PreventRequestsDuringMaintenance.php(86): Illuminate\\Pipeline\\Pipeline->Illuminate\\Pipeline\\{closure}()
#44 /home/kurt/Projects/Laravel/ecommerce/vendor/laravel/framework/src/Illuminate/Pipeline/Pipeline.php(180): Illuminate\\Foundation\\Http\\Middleware\\PreventRequestsDuringMaintenance->handle()
#45 /home/kurt/Projects/Laravel/ecommerce/vendor/laravel/framework/src/Illuminate/Http/Middleware/HandleCors.php(49): Illuminate\\Pipeline\\Pipeline->Illuminate\\Pipeline\\{closure}()
#46 /home/kurt/Projects/Laravel/ecommerce/vendor/laravel/framework/src/Illuminate/Pipeline/Pipeline.php(180): Illuminate\\Http\\Middleware\\HandleCors->handle()
#47 /home/kurt/Projects/Laravel/ecommerce/vendor/laravel/framework/src/Illuminate/Http/Middleware/TrustProxies.php(39): Illuminate\\Pipeline\\Pipeline->Illuminate\\Pipeline\\{closure}()
#48 /home/kurt/Projects/Laravel/ecommerce/vendor/laravel/framework/src/Illuminate/Pipeline/Pipeline.php(180): Illuminate\\Http\\Middleware\\TrustProxies->handle()
#49 /home/kurt/Projects/Laravel/ecommerce/vendor/laravel/framework/src/Illuminate/Pipeline/Pipeline.php(116): Illuminate\\Pipeline\\Pipeline->Illuminate\\Pipeline\\{closure}()
#50 /home/kurt/Projects/Laravel/ecommerce/vendor/laravel/framework/src/Illuminate/Foundation/Http/Kernel.php(165): Illuminate\\Pipeline\\Pipeline->then()
#51 /home/kurt/Projects/Laravel/ecommerce/vendor/laravel/framework/src/Illuminate/Foundation/Http/Kernel.php(134): Illuminate\\Foundation\\Http\\Kernel->sendRequestThroughRouter()
#52 /home/kurt/Projects/Laravel/ecommerce/public/index.php(52): Illuminate\\Foundation\\Http\\Kernel->handle()
#53 /home/kurt/Projects/Laravel/ecommerce/vendor/laravel/framework/src/Illuminate/Foundation/resources/server.php(16): require_once('...')
#54 {main}
"} 
[2024-01-31 12:20:02] local.ERROR: Vite manifest not found at: /home/kurt/Projects/Laravel/ecommerce/public/build/manifest.json {"view":{"view":"/home/kurt/Projects/Laravel/ecommerce/resources/views/welcome.blade.php","data":[]},"exception":"[object] (Spatie\\LaravelIgnition\\Exceptions\\ViewException(code: 0): Vite manifest not found at: /home/kurt/Projects/Laravel/ecommerce/public/build/manifest.json at /home/kurt/Projects/Laravel/ecommerce/vendor/laravel/framework/src/Illuminate/Foundation/Vite.php:684)
[stacktrace]
#0 /home/kurt/Projects/Laravel/ecommerce/vendor/laravel/framework/src/Illuminate/Foundation/Vite.php(273): Illuminate\\Foundation\\Vite->manifest()
#1 /home/kurt/Projects/Laravel/ecommerce/resources/views/welcome.blade.php(4): Illuminate\\Foundation\\Vite->__invoke()
#2 /home/kurt/Projects/Laravel/ecommerce/vendor/laravel/framework/src/Illuminate/Filesystem/Filesystem.php(109): require('...')
#3 /home/kurt/Projects/Laravel/ecommerce/vendor/laravel/framework/src/Illuminate/Filesystem/Filesystem.php(110): Illuminate\\Filesystem\\Filesystem::Illuminate\\Filesystem\\{closure}()
#4 /home/kurt/Projects/Laravel/ecommerce/vendor/laravel/framework/src/Illuminate/View/Engines/PhpEngine.php(58): Illuminate\\Filesystem\\Filesystem->getRequire()
#5 /home/kurt/Projects/Laravel/ecommerce/vendor/laravel/framework/src/Illuminate/View/Engines/CompilerEngine.php(70): Illuminate\\View\\Engines\\PhpEngine->evaluatePath()
#6 /home/kurt/Projects/Laravel/ecommerce/vendor/laravel/framework/src/Illuminate/View/View.php(195): Illuminate\\View\\Engines\\CompilerEngine->get()
#7 /home/kurt/Projects/Laravel/ecommerce/vendor/laravel/framework/src/Illuminate/View/View.php(178): Illuminate\\View\\View->getContents()
#8 /home/kurt/Projects/Laravel/ecommerce/vendor/laravel/framework/src/Illuminate/View/View.php(147): Illuminate\\View\\View->renderContents()
#9 /home/kurt/Projects/Laravel/ecommerce/vendor/laravel/framework/src/Illuminate/Http/Response.php(69): Illuminate\\View\\View->render()
#10 /home/kurt/Projects/Laravel/ecommerce/vendor/laravel/framework/src/Illuminate/Http/Response.php(35): Illuminate\\Http\\Response->setContent()
#11 /home/kurt/Projects/Laravel/ecommerce/vendor/laravel/framework/src/Illuminate/Routing/Router.php(906): Illuminate\\Http\\Response->__construct()
#12 /home/kurt/Projects/Laravel/ecommerce/vendor/laravel/framework/src/Illuminate/Routing/Router.php(875): Illuminate\\Routing\\Router::toResponse()
#13 /home/kurt/Projects/Laravel/ecommerce/vendor/laravel/framework/src/Illuminate/Routing/Router.php(798): Illuminate\\Routing\\Router->prepareResponse()
#14 /home/kurt/Projects/Laravel/ecommerce/vendor/laravel/framework/src/Illuminate/Pipeline/Pipeline.php(141): Illuminate\\Routing\\Router->Illuminate\\Routing\\{closure}()
#15 /home/kurt/Projects/Laravel/ecommerce/vendor/laravel/framework/src/Illuminate/Routing/Middleware/SubstituteBindings.php(50): Illuminate\\Pipeline\\Pipeline->Illuminate\\Pipeline\\{closure}()
#16 /home/kurt/Projects/Laravel/ecommerce/vendor/laravel/framework/src/Illuminate/Pipeline/Pipeline.php(180): Illuminate\\Routing\\Middleware\\SubstituteBindings->handle()
#17 /home/kurt/Projects/Laravel/ecommerce/vendor/laravel/framework/src/Illuminate/Foundation/Http/Middleware/VerifyCsrfToken.php(78): Illuminate\\Pipeline\\Pipeline->Illuminate\\Pipeline\\{closure}()
#18 /home/kurt/Projects/Laravel/ecommerce/vendor/laravel/framework/src/Illuminate/Pipeline/Pipeline.php(180): Illuminate\\Foundation\\Http\\Middleware\\VerifyCsrfToken->handle()
#19 /home/kurt/Projects/Laravel/ecommerce/vendor/laravel/framework/src/Illuminate/View/Middleware/ShareErrorsFromSession.php(49): Illuminate\\Pipeline\\Pipeline->Illuminate\\Pipeline\\{closure}()
#20 /home/kurt/Projects/Laravel/ecommerce/vendor/laravel/framework/src/Illuminate/Pipeline/Pipeline.php(180): Illuminate\\View\\Middleware\\ShareErrorsFromSession->handle()
#21 /home/kurt/Projects/Laravel/ecommerce/vendor/laravel/framework/src/Illuminate/Session/Middleware/StartSession.php(121): Illuminate\\Pipeline\\Pipeline->Illuminate\\Pipeline\\{closure}()
#22 /home/kurt/Projects/Laravel/ecommerce/vendor/laravel/framework/src/Illuminate/Session/Middleware/StartSession.php(64): Illuminate\\Session\\Middleware\\StartSession->handleStatefulRequest()
#23 /home/kurt/Projects/Laravel/ecommerce/vendor/laravel/framework/src/Illuminate/Pipeline/Pipeline.php(180): Illuminate\\Session\\Middleware\\StartSession->handle()
#24 /home/kurt/Projects/Laravel/ecommerce/vendor/laravel/framework/src/Illuminate/Cookie/Middleware/AddQueuedCookiesToResponse.php(37): Illuminate\\Pipeline\\Pipeline->Illuminate\\Pipeline\\{closure}()
#25 /home/kurt/Projects/Laravel/ecommerce/vendor/laravel/framework/src/Illuminate/Pipeline/Pipeline.php(180): Illuminate\\Cookie\\Middleware\\AddQueuedCookiesToResponse->handle()
#26 /home/kurt/Projects/Laravel/ecommerce/vendor/laravel/framework/src/Illuminate/Cookie/Middleware/EncryptCookies.php(67): Illuminate\\Pipeline\\Pipeline->Illuminate\\Pipeline\\{closure}()
#27 /home/kurt/Projects/Laravel/ecommerce/vendor/laravel/framework/src/Illuminate/Pipeline/Pipeline.php(180): Illuminate\\Cookie\\Middleware\\EncryptCookies->handle()
#28 /home/kurt/Projects/Laravel/ecommerce/vendor/laravel/framework/src/Illuminate/Pipeline/Pipeline.php(116): Illuminate\\Pipeline\\Pipeline->Illuminate\\Pipeline\\{closure}()
#29 /home/kurt/Projects/Laravel/ecommerce/vendor/laravel/framework/src/Illuminate/Routing/Router.php(799): Illuminate\\Pipeline\\Pipeline->then()
#30 /home/kurt/Projects/Laravel/ecommerce/vendor/laravel/framework/src/Illuminate/Routing/Router.php(776): Illuminate\\Routing\\Router->runRouteWithinStack()
#31 /home/kurt/Projects/Laravel/ecommerce/vendor/laravel/framework/src/Illuminate/Routing/Router.php(740): Illuminate\\Routing\\Router->runRoute()
#32 /home/kurt/Projects/Laravel/ecommerce/vendor/laravel/framework/src/Illuminate/Routing/Router.php(729): Illuminate\\Routing\\Router->dispatchToRoute()
#33 /home/kurt/Projects/Laravel/ecommerce/vendor/laravel/framework/src/Illuminate/Foundation/Http/Kernel.php(190): Illuminate\\Routing\\Router->dispatch()
#34 /home/kurt/Projects/Laravel/ecommerce/vendor/laravel/framework/src/Illuminate/Pipeline/Pipeline.php(141): Illuminate\\Foundation\\Http\\Kernel->Illuminate\\Foundation\\Http\\{closure}()
#35 /home/kurt/Projects/Laravel/ecommerce/vendor/laravel/framework/src/Illuminate/Foundation/Http/Middleware/TransformsRequest.php(21): Illuminate\\Pipeline\\Pipeline->Illuminate\\Pipeline\\{closure}()
#36 /home/kurt/Projects/Laravel/ecommerce/vendor/laravel/framework/src/Illuminate/Foundation/Http/Middleware/ConvertEmptyStringsToNull.php(31): Illuminate\\Foundation\\Http\\Middleware\\TransformsRequest->handle()
#37 /home/kurt/Projects/Laravel/ecommerce/vendor/laravel/framework/src/Illuminate/Pipeline/Pipeline.php(180): Illuminate\\Foundation\\Http\\Middleware\\ConvertEmptyStringsToNull->handle()
#38 /home/kurt/Projects/Laravel/ecommerce/vendor/laravel/framework/src/Illuminate/Foundation/Http/Middleware/TransformsRequest.php(21): Illuminate\\Pipeline\\Pipeline->Illuminate\\Pipeline\\{closure}()
#39 /home/kurt/Projects/Laravel/ecommerce/vendor/laravel/framework/src/Illuminate/Foundation/Http/Middleware/TrimStrings.php(40): Illuminate\\Foundation\\Http\\Middleware\\TransformsRequest->handle()
#40 /home/kurt/Projects/Laravel/ecommerce/vendor/laravel/framework/src/Illuminate/Pipeline/Pipeline.php(180): Illuminate\\Foundation\\Http\\Middleware\\TrimStrings->handle()
#41 /home/kurt/Projects/Laravel/ecommerce/vendor/laravel/framework/src/Illuminate/Foundation/Http/Middleware/ValidatePostSize.php(27): Illuminate\\Pipeline\\Pipeline->Illuminate\\Pipeline\\{closure}()
#42 /home/kurt/Projects/Laravel/ecommerce/vendor/laravel/framework/src/Illuminate/Pipeline/Pipeline.php(180): Illuminate\\Foundation\\Http\\Middleware\\ValidatePostSize->handle()
#43 /home/kurt/Projects/Laravel/ecommerce/vendor/laravel/framework/src/Illuminate/Foundation/Http/Middleware/PreventRequestsDuringMaintenance.php(86): Illuminate\\Pipeline\\Pipeline->Illuminate\\Pipeline\\{closure}()
#44 /home/kurt/Projects/Laravel/ecommerce/vendor/laravel/framework/src/Illuminate/Pipeline/Pipeline.php(180): Illuminate\\Foundation\\Http\\Middleware\\PreventRequestsDuringMaintenance->handle()
#45 /home/kurt/Projects/Laravel/ecommerce/vendor/laravel/framework/src/Illuminate/Http/Middleware/HandleCors.php(49): Illuminate\\Pipeline\\Pipeline->Illuminate\\Pipeline\\{closure}()
#46 /home/kurt/Projects/Laravel/ecommerce/vendor/laravel/framework/src/Illuminate/Pipeline/Pipeline.php(180): Illuminate\\Http\\Middleware\\HandleCors->handle()
#47 /home/kurt/Projects/Laravel/ecommerce/vendor/laravel/framework/src/Illuminate/Http/Middleware/TrustProxies.php(39): Illuminate\\Pipeline\\Pipeline->Illuminate\\Pipeline\\{closure}()
#48 /home/kurt/Projects/Laravel/ecommerce/vendor/laravel/framework/src/Illuminate/Pipeline/Pipeline.php(180): Illuminate\\Http\\Middleware\\TrustProxies->handle()
#49 /home/kurt/Projects/Laravel/ecommerce/vendor/laravel/framework/src/Illuminate/Pipeline/Pipeline.php(116): Illuminate\\Pipeline\\Pipeline->Illuminate\\Pipeline\\{closure}()
#50 /home/kurt/Projects/Laravel/ecommerce/vendor/laravel/framework/src/Illuminate/Foundation/Http/Kernel.php(165): Illuminate\\Pipeline\\Pipeline->then()
#51 /home/kurt/Projects/Laravel/ecommerce/vendor/laravel/framework/src/Illuminate/Foundation/Http/Kernel.php(134): Illuminate\\Foundation\\Http\\Kernel->sendRequestThroughRouter()
#52 /home/kurt/Projects/Laravel/ecommerce/public/index.php(52): Illuminate\\Foundation\\Http\\Kernel->handle()
#53 /home/kurt/Projects/Laravel/ecommerce/vendor/laravel/framework/src/Illuminate/Foundation/resources/server.php(16): require_once('...')
#54 {main}

[previous exception] [object] (Exception(code: 0): Vite manifest not found at: /home/kurt/Projects/Laravel/ecommerce/public/build/manifest.json at /home/kurt/Projects/Laravel/ecommerce/vendor/laravel/framework/src/Illuminate/Foundation/Vite.php:684)
[stacktrace]
#0 /home/kurt/Projects/Laravel/ecommerce/vendor/laravel/framework/src/Illuminate/Foundation/Vite.php(273): Illuminate\\Foundation\\Vite->manifest()
#1 /home/kurt/Projects/Laravel/ecommerce/storage/framework/views/a09a077fd67079057914bb9bb420bfa47c3ca886.php(4): Illuminate\\Foundation\\Vite->__invoke()
#2 /home/kurt/Projects/Laravel/ecommerce/vendor/laravel/framework/src/Illuminate/Filesystem/Filesystem.php(109): require('...')
#3 /home/kurt/Projects/Laravel/ecommerce/vendor/laravel/framework/src/Illuminate/Filesystem/Filesystem.php(110): Illuminate\\Filesystem\\Filesystem::Illuminate\\Filesystem\\{closure}()
#4 /home/kurt/Projects/Laravel/ecommerce/vendor/laravel/framework/src/Illuminate/View/Engines/PhpEngine.php(58): Illuminate\\Filesystem\\Filesystem->getRequire()
#5 /home/kurt/Projects/Laravel/ecommerce/vendor/laravel/framework/src/Illuminate/View/Engines/CompilerEngine.php(70): Illuminate\\View\\Engines\\PhpEngine->evaluatePath()
#6 /home/kurt/Projects/Laravel/ecommerce/vendor/laravel/framework/src/Illuminate/View/View.php(195): Illuminate\\View\\Engines\\CompilerEngine->get()
#7 /home/kurt/Projects/Laravel/ecommerce/vendor/laravel/framework/src/Illuminate/View/View.php(178): Illuminate\\View\\View->getContents()
#8 /home/kurt/Projects/Laravel/ecommerce/vendor/laravel/framework/src/Illuminate/View/View.php(147): Illuminate\\View\\View->renderContents()
#9 /home/kurt/Projects/Laravel/ecommerce/vendor/laravel/framework/src/Illuminate/Http/Response.php(69): Illuminate\\View\\View->render()
#10 /home/kurt/Projects/Laravel/ecommerce/vendor/laravel/framework/src/Illuminate/Http/Response.php(35): Illuminate\\Http\\Response->setContent()
#11 /home/kurt/Projects/Laravel/ecommerce/vendor/laravel/framework/src/Illuminate/Routing/Router.php(906): Illuminate\\Http\\Response->__construct()
#12 /home/kurt/Projects/Laravel/ecommerce/vendor/laravel/framework/src/Illuminate/Routing/Router.php(875): Illuminate\\Routing\\Router::toResponse()
#13 /home/kurt/Projects/Laravel/ecommerce/vendor/laravel/framework/src/Illuminate/Routing/Router.php(798): Illuminate\\Routing\\Router->prepareResponse()
#14 /home/kurt/Projects/Laravel/ecommerce/vendor/laravel/framework/src/Illuminate/Pipeline/Pipeline.php(141): Illuminate\\Routing\\Router->Illuminate\\Routing\\{closure}()
#15 /home/kurt/Projects/Laravel/ecommerce/vendor/laravel/framework/src/Illuminate/Routing/Middleware/SubstituteBindings.php(50): Illuminate\\Pipeline\\Pipeline->Illuminate\\Pipeline\\{closure}()
#16 /home/kurt/Projects/Laravel/ecommerce/vendor/laravel/framework/src/Illuminate/Pipeline/Pipeline.php(180): Illuminate\\Routing\\Middleware\\SubstituteBindings->handle()
#17 /home/kurt/Projects/Laravel/ecommerce/vendor/laravel/framework/src/Illuminate/Foundation/Http/Middleware/VerifyCsrfToken.php(78): Illuminate\\Pipeline\\Pipeline->Illuminate\\Pipeline\\{closure}()
#18 /home/kurt/Projects/Laravel/ecommerce/vendor/laravel/framework/src/Illuminate/Pipeline/Pipeline.php(180): Illuminate\\Foundation\\Http\\Middleware\\VerifyCsrfToken->handle()
#19 /home/kurt/Projects/Laravel/ecommerce/vendor/laravel/framework/src/Illuminate/View/Middleware/ShareErrorsFromSession.php(49): Illuminate\\Pipeline\\Pipeline->Illuminate\\Pipeline\\{closure}()
#20 /home/kurt/Projects/Laravel/ecommerce/vendor/laravel/framework/src/Illuminate/Pipeline/Pipeline.php(180): Illuminate\\View\\Middleware\\ShareErrorsFromSession->handle()
#21 /home/kurt/Projects/Laravel/ecommerce/vendor/laravel/framework/src/Illuminate/Session/Middleware/StartSession.php(121): Illuminate\\Pipeline\\Pipeline->Illuminate\\Pipeline\\{closure}()
#22 /home/kurt/Projects/Laravel/ecommerce/vendor/laravel/framework/src/Illuminate/Session/Middleware/StartSession.php(64): Illuminate\\Session\\Middleware\\StartSession->handleStatefulRequest()
#23 /home/kurt/Projects/Laravel/ecommerce/vendor/laravel/framework/src/Illuminate/Pipeline/Pipeline.php(180): Illuminate\\Session\\Middleware\\StartSession->handle()
#24 /home/kurt/Projects/Laravel/ecommerce/vendor/laravel/framework/src/Illuminate/Cookie/Middleware/AddQueuedCookiesToResponse.php(37): Illuminate\\Pipeline\\Pipeline->Illuminate\\Pipeline\\{closure}()
#25 /home/kurt/Projects/Laravel/ecommerce/vendor/laravel/framework/src/Illuminate/Pipeline/Pipeline.php(180): Illuminate\\Cookie\\Middleware\\AddQueuedCookiesToResponse->handle()
#26 /home/kurt/Projects/Laravel/ecommerce/vendor/laravel/framework/src/Illuminate/Cookie/Middleware/EncryptCookies.php(67): Illuminate\\Pipeline\\Pipeline->Illuminate\\Pipeline\\{closure}()
#27 /home/kurt/Projects/Laravel/ecommerce/vendor/laravel/framework/src/Illuminate/Pipeline/Pipeline.php(180): Illuminate\\Cookie\\Middleware\\EncryptCookies->handle()
#28 /home/kurt/Projects/Laravel/ecommerce/vendor/laravel/framework/src/Illuminate/Pipeline/Pipeline.php(116): Illuminate\\Pipeline\\Pipeline->Illuminate\\Pipeline\\{closure}()
#29 /home/kurt/Projects/Laravel/ecommerce/vendor/laravel/framework/src/Illuminate/Routing/Router.php(799): Illuminate\\Pipeline\\Pipeline->then()
#30 /home/kurt/Projects/Laravel/ecommerce/vendor/laravel/framework/src/Illuminate/Routing/Router.php(776): Illuminate\\Routing\\Router->runRouteWithinStack()
#31 /home/kurt/Projects/Laravel/ecommerce/vendor/laravel/framework/src/Illuminate/Routing/Router.php(740): Illuminate\\Routing\\Router->runRoute()
#32 /home/kurt/Projects/Laravel/ecommerce/vendor/laravel/framework/src/Illuminate/Routing/Router.php(729): Illuminate\\Routing\\Router->dispatchToRoute()
#33 /home/kurt/Projects/Laravel/ecommerce/vendor/laravel/framework/src/Illuminate/Foundation/Http/Kernel.php(190): Illuminate\\Routing\\Router->dispatch()
#34 /home/kurt/Projects/Laravel/ecommerce/vendor/laravel/framework/src/Illuminate/Pipeline/Pipeline.php(141): Illuminate\\Foundation\\Http\\Kernel->Illuminate\\Foundation\\Http\\{closure}()
#35 /home/kurt/Projects/Laravel/ecommerce/vendor/laravel/framework/src/Illuminate/Foundation/Http/Middleware/TransformsRequest.php(21): Illuminate\\Pipeline\\Pipeline->Illuminate\\Pipeline\\{closure}()
#36 /home/kurt/Projects/Laravel/ecommerce/vendor/laravel/framework/src/Illuminate/Foundation/Http/Middleware/ConvertEmptyStringsToNull.php(31): Illuminate\\Foundation\\Http\\Middleware\\TransformsRequest->handle()
#37 /home/kurt/Projects/Laravel/ecommerce/vendor/laravel/framework/src/Illuminate/Pipeline/Pipeline.php(180): Illuminate\\Foundation\\Http\\Middleware\\ConvertEmptyStringsToNull->handle()
#38 /home/kurt/Projects/Laravel/ecommerce/vendor/laravel/framework/src/Illuminate/Foundation/Http/Middleware/TransformsRequest.php(21): Illuminate\\Pipeline\\Pipeline->Illuminate\\Pipeline\\{closure}()
#39 /home/kurt/Projects/Laravel/ecommerce/vendor/laravel/framework/src/Illuminate/Foundation/Http/Middleware/TrimStrings.php(40): Illuminate\\Foundation\\Http\\Middleware\\TransformsRequest->handle()
#40 /home/kurt/Projects/Laravel/ecommerce/vendor/laravel/framework/src/Illuminate/Pipeline/Pipeline.php(180): Illuminate\\Foundation\\Http\\Middleware\\TrimStrings->handle()
#41 /home/kurt/Projects/Laravel/ecommerce/vendor/laravel/framework/src/Illuminate/Foundation/Http/Middleware/ValidatePostSize.php(27): Illuminate\\Pipeline\\Pipeline->Illuminate\\Pipeline\\{closure}()
#42 /home/kurt/Projects/Laravel/ecommerce/vendor/laravel/framework/src/Illuminate/Pipeline/Pipeline.php(180): Illuminate\\Foundation\\Http\\Middleware\\ValidatePostSize->handle()
#43 /home/kurt/Projects/Laravel/ecommerce/vendor/laravel/framework/src/Illuminate/Foundation/Http/Middleware/PreventRequestsDuringMaintenance.php(86): Illuminate\\Pipeline\\Pipeline->Illuminate\\Pipeline\\{closure}()
#44 /home/kurt/Projects/Laravel/ecommerce/vendor/laravel/framework/src/Illuminate/Pipeline/Pipeline.php(180): Illuminate\\Foundation\\Http\\Middleware\\PreventRequestsDuringMaintenance->handle()
#45 /home/kurt/Projects/Laravel/ecommerce/vendor/laravel/framework/src/Illuminate/Http/Middleware/HandleCors.php(49): Illuminate\\Pipeline\\Pipeline->Illuminate\\Pipeline\\{closure}()
#46 /home/kurt/Projects/Laravel/ecommerce/vendor/laravel/framework/src/Illuminate/Pipeline/Pipeline.php(180): Illuminate\\Http\\Middleware\\HandleCors->handle()
#47 /home/kurt/Projects/Laravel/ecommerce/vendor/laravel/framework/src/Illuminate/Http/Middleware/TrustProxies.php(39): Illuminate\\Pipeline\\Pipeline->Illuminate\\Pipeline\\{closure}()
#48 /home/kurt/Projects/Laravel/ecommerce/vendor/laravel/framework/src/Illuminate/Pipeline/Pipeline.php(180): Illuminate\\Http\\Middleware\\TrustProxies->handle()
#49 /home/kurt/Projects/Laravel/ecommerce/vendor/laravel/framework/src/Illuminate/Pipeline/Pipeline.php(116): Illuminate\\Pipeline\\Pipeline->Illuminate\\Pipeline\\{closure}()
#50 /home/kurt/Projects/Laravel/ecommerce/vendor/laravel/framework/src/Illuminate/Foundation/Http/Kernel.php(165): Illuminate\\Pipeline\\Pipeline->then()
#51 /home/kurt/Projects/Laravel/ecommerce/vendor/laravel/framework/src/Illuminate/Foundation/Http/Kernel.php(134): Illuminate\\Foundation\\Http\\Kernel->sendRequestThroughRouter()
#52 /home/kurt/Projects/Laravel/ecommerce/public/index.php(52): Illuminate\\Foundation\\Http\\Kernel->handle()
#53 /home/kurt/Projects/Laravel/ecommerce/vendor/laravel/framework/src/Illuminate/Foundation/resources/server.php(16): require_once('...')
#54 {main}
"} 
